<?xml version="1.0" encoding="UTF-8"?>
<TestRun id="9486e9a9-3479-41a6-9573-93e2801cc68b" name="Miguel@SCHOOLPC 2015-01-04 15:44:55" runUser="SCHOOLPC\Miguel" xmlns="http://microsoft.com/schemas/VisualStudio/TeamTest/2010">
  <TestSettings name="Default Test Settings" id="7f794950-faa3-4a25-9bad-b665201a98bb">
    <Deployment runDeploymentRoot="Miguel_SCHOOLPC 2015-01-04 15_44_55">
      <DeploymentItem filename="C:\Users\Miguel\Desktop\SEAssignment\TradersMarket\DataAccess\bin\Debug\DataAccess.dll" />
      <DeploymentItem filename="C:\Users\Miguel\Desktop\SEAssignment\TradersMarket\Common\bin\Debug\Common.dll" />
      <DeploymentItem filename="C:\Users\Miguel\Desktop\SEAssignment\TradersMarket\TradersMarket\bin\TradersMarket.dll" />
    </Deployment>
    <Execution>
      <TestTypeSpecific />
      <AgentRule name="Execution Agents">
      </AgentRule>
    </Execution>
  </TestSettings>
  <Times creation="2015-01-04T15:44:55.3179881+01:00" queuing="2015-01-04T15:44:55.9874449+01:00" start="2015-01-04T15:44:55.9974499+01:00" finish="2015-01-04T15:44:58.1824784+01:00" />
  <ResultSummary outcome="Completed">
    <Counters total="1" executed="1" passed="1" error="0" failed="0" timeout="0" aborted="0" inconclusive="0" passedButRunAborted="0" notRunnable="0" notExecuted="0" disconnected="0" warning="0" completed="0" inProgress="0" pending="0" />
  </ResultSummary>
  <TestDefinitions>
    <UnitTest name="EditProduct" storage="c:\users\miguel\desktop\seassignment\tradersmarket\tradersmarket.tests\bin\debug\tradersmarket.tests.dll" id="986ee07d-509e-6acb-d5e6-90cce0dd15d3">
      <Execution id="8e50a1df-d25a-47a0-bfb0-ed8aa2e5fec1" />
      <TestMethod codeBase="C:/Users/Miguel/Desktop/SEAssignment/TradersMarket/TradersMarket.Tests/bin/Debug/TradersMarket.Tests.DLL" adapterTypeName="Microsoft.VisualStudio.TestTools.TestTypes.Unit.UnitTestAdapter, Microsoft.VisualStudio.QualityTools.Tips.UnitTest.Adapter, Version=10.0.0.0, Culture=neutral, PublicKeyToken=b03f5f7f11d50a3a" className="TradersMarket.Tests.Repository.ProductRepositoryTest, TradersMarket.Tests, Version=1.0.0.0, Culture=neutral, PublicKeyToken=null" name="EditProduct" />
    </UnitTest>
  </TestDefinitions>
  <TestLists>
    <TestList name="Results Not in a List" id="8c84fa94-04c1-424b-9868-57a2d4851a1d" />
    <TestList name="All Loaded Results" id="19431567-8539-422a-85d7-44ee4e166bda" />
  </TestLists>
  <TestEntries>
    <TestEntry testId="986ee07d-509e-6acb-d5e6-90cce0dd15d3" executionId="8e50a1df-d25a-47a0-bfb0-ed8aa2e5fec1" testListId="8c84fa94-04c1-424b-9868-57a2d4851a1d" />
  </TestEntries>
  <Results>
    <UnitTestResult executionId="8e50a1df-d25a-47a0-bfb0-ed8aa2e5fec1" testId="986ee07d-509e-6acb-d5e6-90cce0dd15d3" testName="EditProduct" computerName="SCHOOLPC" duration="00:00:00.3786140" startTime="2015-01-04T15:44:56.0014525+01:00" endTime="2015-01-04T15:44:56.6611880+01:00" testType="13cdc9d9-ddb5-4fa4-a97d-d965ccfc6d4b" outcome="Passed" testListId="8c84fa94-04c1-424b-9868-57a2d4851a1d" relativeResultsDirectory="8e50a1df-d25a-47a0-bfb0-ed8aa2e5fec1">
    </UnitTestResult>
  </Results>
</TestRun>