<?xml version="1.0" encoding="UTF-8"?>
<TestRun id="2686a8d2-80af-4040-828c-6c3070dd32e9" name="Miguel@SCHOOLPC 2015-01-04 15:34:13" runUser="SCHOOLPC\Miguel" xmlns="http://microsoft.com/schemas/VisualStudio/TeamTest/2010">
  <TestSettings name="Default Test Settings" id="f6c14a5d-e472-4afa-96b7-e4af7a5410f0">
    <Deployment runDeploymentRoot="Miguel_SCHOOLPC 2015-01-04 15_34_13">
      <DeploymentItem filename="C:\Users\Miguel\Desktop\SEAssignment\TradersMarket\DataAccess\bin\Debug\DataAccess.dll" />
      <DeploymentItem filename="C:\Users\Miguel\Desktop\SEAssignment\TradersMarket\Common\bin\Debug\Common.dll" />
      <DeploymentItem filename="C:\Users\Miguel\Desktop\SEAssignment\TradersMarket\TradersMarket\bin\TradersMarket.dll" />
    </Deployment>
    <Execution>
      <TestTypeSpecific />
      <AgentRule name="Execution Agents">
      </AgentRule>
    </Execution>
  </TestSettings>
  <Times creation="2015-01-04T15:34:13.9951288+01:00" queuing="2015-01-04T15:34:14.7449740+01:00" start="2015-01-04T15:34:14.7519784+01:00" finish="2015-01-04T15:34:17.0652503+01:00" />
  <ResultSummary outcome="Failed">
    <Counters total="1" executed="1" error="0" failed="1" timeout="0" aborted="0" inconclusive="0" passedButRunAborted="0" notRunnable="0" notExecuted="0" disconnected="0" warning="0" passed="0" completed="0" inProgress="0" pending="0" />
  </ResultSummary>
  <TestDefinitions>
    <UnitTest name="EditProduct" storage="c:\users\miguel\desktop\seassignment\tradersmarket\tradersmarket.tests\bin\debug\tradersmarket.tests.dll" id="986ee07d-509e-6acb-d5e6-90cce0dd15d3">
      <Execution id="55232ce5-5178-4330-b3ce-f49f67192473" />
      <TestMethod codeBase="C:/Users/Miguel/Desktop/SEAssignment/TradersMarket/TradersMarket.Tests/bin/Debug/TradersMarket.Tests.DLL" adapterTypeName="Microsoft.VisualStudio.TestTools.TestTypes.Unit.UnitTestAdapter, Microsoft.VisualStudio.QualityTools.Tips.UnitTest.Adapter, Version=10.0.0.0, Culture=neutral, PublicKeyToken=b03f5f7f11d50a3a" className="TradersMarket.Tests.Repository.ProductRepositoryTest, TradersMarket.Tests, Version=1.0.0.0, Culture=neutral, PublicKeyToken=null" name="EditProduct" />
    </UnitTest>
  </TestDefinitions>
  <TestLists>
    <TestList name="Results Not in a List" id="8c84fa94-04c1-424b-9868-57a2d4851a1d" />
    <TestList name="All Loaded Results" id="19431567-8539-422a-85d7-44ee4e166bda" />
  </TestLists>
  <TestEntries>
    <TestEntry testId="986ee07d-509e-6acb-d5e6-90cce0dd15d3" executionId="55232ce5-5178-4330-b3ce-f49f67192473" testListId="8c84fa94-04c1-424b-9868-57a2d4851a1d" />
  </TestEntries>
  <Results>
    <UnitTestResult executionId="55232ce5-5178-4330-b3ce-f49f67192473" testId="986ee07d-509e-6acb-d5e6-90cce0dd15d3" testName="EditProduct" computerName="SCHOOLPC" duration="00:00:00.5691818" startTime="2015-01-04T15:34:14.7569824+01:00" endTime="2015-01-04T15:34:15.5492089+01:00" testType="13cdc9d9-ddb5-4fa4-a97d-d965ccfc6d4b" outcome="Failed" testListId="8c84fa94-04c1-424b-9868-57a2d4851a1d" relativeResultsDirectory="55232ce5-5178-4330-b3ce-f49f67192473">
      <Output>
        <ErrorInfo>
          <Message>Test method TradersMarket.Tests.Repository.ProductRepositoryTest.EditProduct threw exception: 
System.InvalidOperationException: The object cannot be attached because it is already in the object context. An object can only be reattached when it is in an unchanged state. </Message>
          <StackTrace>    at System.Data.Objects.ObjectContext.VerifyRootForAdd(Boolean doAttach, String entitySetName, IEntityWrapper wrappedEntity, EntityEntry existingEntry, EntitySet&amp; entitySet, Boolean&amp; isNoOperation)
   at System.Data.Objects.ObjectContext.AttachTo(String entitySetName, Object entity)
   at System.Data.Objects.ObjectSet`1.Attach(TEntity entity)
   at DataAccess.ProductRepository.updateProduct(Product prodToUpdate) in C:\Users\Miguel\Desktop\SEAssignment\TradersMarket\DataAccess\ProductRepository.cs:line 78
   at TradersMarket.Tests.Repository.ProductRepositoryTest.EditProduct() in C:\Users\Miguel\Desktop\SEAssignment\TradersMarket\TradersMarket.Tests\Repository\ProductRepositoryTest.cs:line 70
</StackTrace>
        </ErrorInfo>
      </Output>
    </UnitTestResult>
  </Results>
</TestRun>