<?xml version="1.0" encoding="UTF-8"?>
<TestRun id="3f7d0903-6fba-4ad6-9996-8982b4d345f0" name="Miguel@SCHOOLPC 2015-01-09 20:21:57" runUser="SCHOOLPC\Miguel" xmlns="http://microsoft.com/schemas/VisualStudio/TeamTest/2010">
  <TestSettings name="Default Test Settings" id="c99935b3-f13c-41c7-a090-b5b1b611911c">
    <Deployment runDeploymentRoot="Miguel_SCHOOLPC 2015-01-09 20_21_57">
      <DeploymentItem filename="C:\Users\Miguel\Desktop\SEAssignment\TradersMarket\DataAccess\bin\Debug\DataAccess.dll" />
      <DeploymentItem filename="C:\Users\Miguel\Desktop\SEAssignment\TradersMarket\Common\bin\Debug\Common.dll" />
      <DeploymentItem filename="C:\Users\Miguel\Desktop\SEAssignment\TradersMarket\TradersMarket\bin\TradersMarket.dll" />
    </Deployment>
    <Execution>
      <TestTypeSpecific />
      <AgentRule name="Execution Agents">
      </AgentRule>
    </Execution>
  </TestSettings>
  <Times creation="2015-01-09T20:21:57.9197506+01:00" queuing="2015-01-09T20:21:58.8303641+01:00" start="2015-01-09T20:21:58.8616160+01:00" finish="2015-01-09T20:22:01.5534695+01:00" />
  <ResultSummary outcome="Completed">
    <Counters total="1" executed="1" passed="1" error="0" failed="0" timeout="0" aborted="0" inconclusive="0" passedButRunAborted="0" notRunnable="0" notExecuted="0" disconnected="0" warning="0" completed="0" inProgress="0" pending="0" />
  </ResultSummary>
  <TestDefinitions>
    <UnitTest name="GetRoleWithExistingIDTest" storage="c:\users\miguel\desktop\seassignment\tradersmarket\tradersmarket.tests\bin\debug\tradersmarket.tests.dll" id="c5b82e76-780e-23fc-b3d2-d2782a1482a4">
      <Execution id="fe7fa88e-f7a3-4f29-bd20-9a91ff004c91" />
      <TestMethod codeBase="C:/Users/Miguel/Desktop/SEAssignment/TradersMarket/TradersMarket.Tests/bin/Debug/TradersMarket.Tests.DLL" adapterTypeName="Microsoft.VisualStudio.TestTools.TestTypes.Unit.UnitTestAdapter, Microsoft.VisualStudio.QualityTools.Tips.UnitTest.Adapter, Version=10.0.0.0, Culture=neutral, PublicKeyToken=b03f5f7f11d50a3a" className="TradersMarket.Tests.RoleRepositoryTest, TradersMarket.Tests, Version=1.0.0.0, Culture=neutral, PublicKeyToken=null" name="GetRoleWithExistingIDTest" />
    </UnitTest>
  </TestDefinitions>
  <TestLists>
    <TestList name="Results Not in a List" id="8c84fa94-04c1-424b-9868-57a2d4851a1d" />
    <TestList name="All Loaded Results" id="19431567-8539-422a-85d7-44ee4e166bda" />
  </TestLists>
  <TestEntries>
    <TestEntry testId="c5b82e76-780e-23fc-b3d2-d2782a1482a4" executionId="fe7fa88e-f7a3-4f29-bd20-9a91ff004c91" testListId="8c84fa94-04c1-424b-9868-57a2d4851a1d" />
  </TestEntries>
  <Results>
    <UnitTestResult executionId="fe7fa88e-f7a3-4f29-bd20-9a91ff004c91" testId="c5b82e76-780e-23fc-b3d2-d2782a1482a4" testName="GetRoleWithExistingIDTest" computerName="SCHOOLPC" duration="00:00:00.4189445" startTime="2015-01-09T20:21:58.8928688+01:00" endTime="2015-01-09T20:21:59.8460397+01:00" testType="13cdc9d9-ddb5-4fa4-a97d-d965ccfc6d4b" outcome="Passed" testListId="8c84fa94-04c1-424b-9868-57a2d4851a1d" relativeResultsDirectory="fe7fa88e-f7a3-4f29-bd20-9a91ff004c91">
    </UnitTestResult>
  </Results>
</TestRun>