<?xml version="1.0" encoding="UTF-8"?>
<TestRun id="5ea15802-71e3-418d-932d-74e9968998da" name="Miguel@SCHOOLPC 2015-01-09 19:24:10" runUser="SCHOOLPC\Miguel" xmlns="http://microsoft.com/schemas/VisualStudio/TeamTest/2010">
  <TestSettings name="Default Test Settings" id="2cafc4bc-3b6a-4c04-8f7e-371db5aca75b">
    <Deployment runDeploymentRoot="Miguel_SCHOOLPC 2015-01-09 19_24_10">
      <DeploymentItem filename="C:\Users\Miguel\Desktop\SEAssignment\TradersMarket\DataAccess\bin\Debug\DataAccess.dll" />
      <DeploymentItem filename="C:\Users\Miguel\Desktop\SEAssignment\TradersMarket\Common\bin\Debug\Common.dll" />
      <DeploymentItem filename="C:\Users\Miguel\Desktop\SEAssignment\TradersMarket\TradersMarket\bin\TradersMarket.dll" />
    </Deployment>
    <Execution>
      <TestTypeSpecific />
      <AgentRule name="Execution Agents">
      </AgentRule>
    </Execution>
  </TestSettings>
  <Times creation="2015-01-09T19:24:10.5448623+01:00" queuing="2015-01-09T19:24:11.7324189+01:00" start="2015-01-09T19:24:11.8105475+01:00" finish="2015-01-09T19:25:04.7138930+01:00" />
  <ResultSummary outcome="Failed">
    <Counters total="1" executed="1" error="0" failed="1" timeout="0" aborted="0" inconclusive="0" passedButRunAborted="0" notRunnable="0" notExecuted="0" disconnected="0" warning="0" passed="0" completed="0" inProgress="0" pending="0" />
  </ResultSummary>
  <TestDefinitions>
    <UnitTest name="UpdateRoleWith49CharacterTest" storage="c:\users\miguel\desktop\seassignment\tradersmarket\tradersmarket.tests\bin\debug\tradersmarket.tests.dll" id="4342b92b-20d3-5010-53b5-de0208049b34">
      <Execution id="80612fad-0bec-439a-82b4-571fb384ad6e" />
      <TestMethod codeBase="C:/Users/Miguel/Desktop/SEAssignment/TradersMarket/TradersMarket.Tests/bin/Debug/TradersMarket.Tests.DLL" adapterTypeName="Microsoft.VisualStudio.TestTools.TestTypes.Unit.UnitTestAdapter, Microsoft.VisualStudio.QualityTools.Tips.UnitTest.Adapter, Version=10.0.0.0, Culture=neutral, PublicKeyToken=b03f5f7f11d50a3a" className="TradersMarket.Tests.RoleRepositoryTest, TradersMarket.Tests, Version=1.0.0.0, Culture=neutral, PublicKeyToken=null" name="UpdateRoleWith49CharacterTest" />
    </UnitTest>
  </TestDefinitions>
  <TestLists>
    <TestList name="Results Not in a List" id="8c84fa94-04c1-424b-9868-57a2d4851a1d" />
    <TestList name="All Loaded Results" id="19431567-8539-422a-85d7-44ee4e166bda" />
  </TestLists>
  <TestEntries>
    <TestEntry testId="4342b92b-20d3-5010-53b5-de0208049b34" executionId="80612fad-0bec-439a-82b4-571fb384ad6e" testListId="8c84fa94-04c1-424b-9868-57a2d4851a1d" />
  </TestEntries>
  <Results>
    <UnitTestResult executionId="80612fad-0bec-439a-82b4-571fb384ad6e" testId="4342b92b-20d3-5010-53b5-de0208049b34" testName="UpdateRoleWith49CharacterTest" computerName="SCHOOLPC" duration="00:00:50.4254551" startTime="2015-01-09T19:24:11.9043024+01:00" endTime="2015-01-09T19:25:02.9794333+01:00" testType="13cdc9d9-ddb5-4fa4-a97d-d965ccfc6d4b" outcome="Failed" testListId="8c84fa94-04c1-424b-9868-57a2d4851a1d" relativeResultsDirectory="80612fad-0bec-439a-82b4-571fb384ad6e">
      <Output>
        <ErrorInfo>
          <Message>Test method TradersMarket.Tests.RoleRepositoryTest.UpdateRoleWith49CharacterTest threw exception: 
System.InvalidOperationException: An object with a key that matches the key of the supplied object could not be found in the ObjectStateManager. Verify that the key values of the supplied object match the key values of the object to which changes must be applied.</Message>
          <StackTrace>    at System.Data.Objects.ObjectContext.ApplyCurrentValues[TEntity](String entitySetName, TEntity currentEntity)
   at System.Data.Objects.ObjectSet`1.ApplyCurrentValues(TEntity currentEntity)
   at DataAccess.RoleRepository.UpdateRole(Role r) in C:\Users\Miguel\Desktop\SEAssignment\TradersMarket\DataAccess\RoleRepository.cs:line 191
   at TradersMarket.Tests.RoleRepositoryTest.UpdateRoleWith49CharacterTest() in C:\Users\Miguel\Desktop\SEAssignment\TradersMarket\TradersMarket.Tests\RoleRepositoryTest.cs:line 288
</StackTrace>
        </ErrorInfo>
      </Output>
    </UnitTestResult>
  </Results>
</TestRun>