<?xml version="1.0" encoding="UTF-8"?>
<TestRun id="23e451b2-4a60-4f04-b8f9-9f294362e07c" name="Miguel@SCHOOLPC 2015-01-04 15:51:19" runUser="SCHOOLPC\Miguel" xmlns="http://microsoft.com/schemas/VisualStudio/TeamTest/2010">
  <TestSettings name="Default Test Settings" id="ac6f10ec-d53c-40c0-80fd-c9d191f13c5a">
    <Deployment runDeploymentRoot="Miguel_SCHOOLPC 2015-01-04 15_51_19">
      <DeploymentItem filename="C:\Users\Miguel\Desktop\SEAssignment\TradersMarket\DataAccess\bin\Debug\DataAccess.dll" />
      <DeploymentItem filename="C:\Users\Miguel\Desktop\SEAssignment\TradersMarket\Common\bin\Debug\Common.dll" />
      <DeploymentItem filename="C:\Users\Miguel\Desktop\SEAssignment\TradersMarket\TradersMarket\bin\TradersMarket.dll" />
    </Deployment>
    <Execution>
      <TestTypeSpecific />
      <AgentRule name="Execution Agents">
      </AgentRule>
    </Execution>
  </TestSettings>
  <Times creation="2015-01-04T15:51:19.7085708+01:00" queuing="2015-01-04T15:51:20.1719569+01:00" start="2015-01-04T15:51:20.1779597+01:00" finish="2015-01-04T15:51:20.6092462+01:00" />
  <ResultSummary outcome="Completed">
    <Counters total="1" executed="1" passed="1" error="0" failed="0" timeout="0" aborted="0" inconclusive="0" passedButRunAborted="0" notRunnable="0" notExecuted="0" disconnected="0" warning="0" completed="0" inProgress="0" pending="0" />
  </ResultSummary>
  <TestDefinitions>
    <UnitTest name="ListProduct" storage="c:\users\miguel\desktop\seassignment\tradersmarket\tradersmarket.tests\bin\debug\tradersmarket.tests.dll" id="c23c6fcb-cf61-9d9a-56dd-7180c090e7ce">
      <Execution id="11cb825c-63b7-4525-b1fd-7bc320489eba" />
      <TestMethod codeBase="C:/Users/Miguel/Desktop/SEAssignment/TradersMarket/TradersMarket.Tests/bin/Debug/TradersMarket.Tests.DLL" adapterTypeName="Microsoft.VisualStudio.TestTools.TestTypes.Unit.UnitTestAdapter, Microsoft.VisualStudio.QualityTools.Tips.UnitTest.Adapter, Version=10.0.0.0, Culture=neutral, PublicKeyToken=b03f5f7f11d50a3a" className="TradersMarket.Tests.Repository.ProductRepositoryTest, TradersMarket.Tests, Version=1.0.0.0, Culture=neutral, PublicKeyToken=null" name="ListProduct" />
    </UnitTest>
  </TestDefinitions>
  <TestLists>
    <TestList name="Results Not in a List" id="8c84fa94-04c1-424b-9868-57a2d4851a1d" />
    <TestList name="All Loaded Results" id="19431567-8539-422a-85d7-44ee4e166bda" />
  </TestLists>
  <TestEntries>
    <TestEntry testId="c23c6fcb-cf61-9d9a-56dd-7180c090e7ce" executionId="11cb825c-63b7-4525-b1fd-7bc320489eba" testListId="8c84fa94-04c1-424b-9868-57a2d4851a1d" />
  </TestEntries>
  <Results>
    <UnitTestResult executionId="11cb825c-63b7-4525-b1fd-7bc320489eba" testId="c23c6fcb-cf61-9d9a-56dd-7180c090e7ce" testName="ListProduct" computerName="SCHOOLPC" duration="00:00:00.1876456" startTime="2015-01-04T15:51:20.1829632+01:00" endTime="2015-01-04T15:51:20.5962366+01:00" testType="13cdc9d9-ddb5-4fa4-a97d-d965ccfc6d4b" outcome="Passed" testListId="8c84fa94-04c1-424b-9868-57a2d4851a1d" relativeResultsDirectory="11cb825c-63b7-4525-b1fd-7bc320489eba">
    </UnitTestResult>
  </Results>
</TestRun>