<?xml version="1.0" encoding="UTF-8"?>
<TestRun id="5cc3d6bd-1e4d-4b4d-953c-a591b4ed1cd7" name="Miguel@SCHOOLPC 2015-01-04 15:34:29" runUser="SCHOOLPC\Miguel" xmlns="http://microsoft.com/schemas/VisualStudio/TeamTest/2010">
  <TestSettings name="Default Test Settings" id="f6c14a5d-e472-4afa-96b7-e4af7a5410f0">
    <Deployment userDeploymentRoot="C:\Users\Miguel\Desktop\SEAssignment\TradersMarket\TestResults" useDefaultDeploymentRoot="false" runDeploymentRoot="Miguel_SCHOOLPC 2015-01-04 15_34_29">
      <DeploymentItem filename="C:\Users\Miguel\Desktop\SEAssignment\TradersMarket\DataAccess\bin\Debug\DataAccess.dll" />
      <DeploymentItem filename="C:\Users\Miguel\Desktop\SEAssignment\TradersMarket\Common\bin\Debug\Common.dll" />
      <DeploymentItem filename="C:\Users\Miguel\Desktop\SEAssignment\TradersMarket\TradersMarket\bin\TradersMarket.dll" />
    </Deployment>
    <Execution>
      <TestTypeSpecific />
      <AgentRule name="Execution Agents">
      </AgentRule>
    </Execution>
  </TestSettings>
  <Times creation="2015-01-04T15:34:29.4986133+01:00" queuing="2015-01-04T15:34:48.1356289+01:00" start="2015-01-04T15:34:48.2336918+01:00" finish="2015-01-04T15:35:08.0616496+01:00" />
  <ResultSummary outcome="Error">
    <Counters total="1" executed="1" error="0" failed="0" timeout="0" aborted="1" inconclusive="0" passedButRunAborted="0" notRunnable="0" notExecuted="0" disconnected="0" warning="0" passed="0" completed="0" inProgress="0" pending="0" />
    <RunInfos>
      <RunInfo computerName="SCHOOLPC" outcome="Error" timestamp="2015-01-04T15:35:08.0616496+01:00">
        <Text>Test host process exited unexpectedly.</Text>
      </RunInfo>
    </RunInfos>
  </ResultSummary>
  <TestDefinitions>
    <UnitTest name="EditProduct" storage="c:\users\miguel\desktop\seassignment\tradersmarket\tradersmarket.tests\bin\debug\tradersmarket.tests.dll" id="986ee07d-509e-6acb-d5e6-90cce0dd15d3">
      <Execution id="1cf2e06d-48c2-4d0e-bbcf-61fd0630093e" />
      <TestMethod codeBase="C:/Users/Miguel/Desktop/SEAssignment/TradersMarket/TradersMarket.Tests/bin/Debug/TradersMarket.Tests.DLL" adapterTypeName="Microsoft.VisualStudio.TestTools.TestTypes.Unit.UnitTestAdapter, Microsoft.VisualStudio.QualityTools.Tips.UnitTest.Adapter, Version=10.0.0.0, Culture=neutral, PublicKeyToken=b03f5f7f11d50a3a" className="TradersMarket.Tests.Repository.ProductRepositoryTest, TradersMarket.Tests, Version=1.0.0.0, Culture=neutral, PublicKeyToken=null" name="EditProduct" />
    </UnitTest>
  </TestDefinitions>
  <TestLists>
    <TestList name="Results Not in a List" id="8c84fa94-04c1-424b-9868-57a2d4851a1d" />
    <TestList name="All Loaded Results" id="19431567-8539-422a-85d7-44ee4e166bda" />
  </TestLists>
  <TestEntries>
    <TestEntry testId="986ee07d-509e-6acb-d5e6-90cce0dd15d3" executionId="1cf2e06d-48c2-4d0e-bbcf-61fd0630093e" testListId="8c84fa94-04c1-424b-9868-57a2d4851a1d" />
  </TestEntries>
  <Results>
    <UnitTestResult executionId="1cf2e06d-48c2-4d0e-bbcf-61fd0630093e" testId="986ee07d-509e-6acb-d5e6-90cce0dd15d3" testName="EditProduct" computerName="SCHOOLPC" duration="00:00:19.7479047" startTime="2015-01-04T15:34:48.3137449+01:00" endTime="2015-01-04T15:35:08.0616496+01:00" testType="13cdc9d9-ddb5-4fa4-a97d-d965ccfc6d4b" outcome="Aborted" testListId="8c84fa94-04c1-424b-9868-57a2d4851a1d" relativeResultsDirectory="1cf2e06d-48c2-4d0e-bbcf-61fd0630093e">
    </UnitTestResult>
  </Results>
</TestRun>