<?xml version="1.0" encoding="UTF-8"?>
<TestRun id="13789278-4e8f-45d2-b625-0514aa512505" name="Miguel@SCHOOLPC 2015-01-09 19:58:42" runUser="SCHOOLPC\Miguel" xmlns="http://microsoft.com/schemas/VisualStudio/TeamTest/2010">
  <TestSettings name="Default Test Settings" id="65ef2ec4-47de-405a-8814-e259b1509149">
    <Deployment runDeploymentRoot="Miguel_SCHOOLPC 2015-01-09 19_58_42">
      <DeploymentItem filename="C:\Users\Miguel\Desktop\SEAssignment\TradersMarket\DataAccess\bin\Debug\DataAccess.dll" />
      <DeploymentItem filename="C:\Users\Miguel\Desktop\SEAssignment\TradersMarket\Common\bin\Debug\Common.dll" />
      <DeploymentItem filename="C:\Users\Miguel\Desktop\SEAssignment\TradersMarket\TradersMarket\bin\TradersMarket.dll" />
    </Deployment>
    <Execution>
      <TestTypeSpecific />
      <AgentRule name="Execution Agents">
      </AgentRule>
    </Execution>
  </TestSettings>
  <Times creation="2015-01-09T19:58:42.2830735+01:00" queuing="2015-01-09T19:58:43.6425115+01:00" start="2015-01-09T19:58:43.7206409+01:00" finish="2015-01-09T19:59:02.8155826+01:00" />
  <ResultSummary outcome="Error">
    <Counters total="1" executed="1" error="0" failed="0" timeout="0" aborted="1" inconclusive="0" passedButRunAborted="0" notRunnable="0" notExecuted="0" disconnected="0" warning="0" passed="0" completed="0" inProgress="0" pending="0" />
    <RunInfos>
      <RunInfo computerName="SCHOOLPC" outcome="Error" timestamp="2015-01-09T19:59:02.8155826+01:00">
        <Text>Test host process exited unexpectedly.</Text>
      </RunInfo>
    </RunInfos>
  </ResultSummary>
  <TestDefinitions>
    <UnitTest name="UpdateRoleWithNonSpecialCharacterTest" storage="c:\users\miguel\desktop\seassignment\tradersmarket\tradersmarket.tests\bin\debug\tradersmarket.tests.dll" id="5bd04a7a-7ab8-3723-7949-7edf4696a8c0">
      <Execution id="e3a7e1d3-0bdd-4602-a69a-2d69307c0fc7" />
      <TestMethod codeBase="C:/Users/Miguel/Desktop/SEAssignment/TradersMarket/TradersMarket.Tests/bin/Debug/TradersMarket.Tests.DLL" adapterTypeName="Microsoft.VisualStudio.TestTools.TestTypes.Unit.UnitTestAdapter, Microsoft.VisualStudio.QualityTools.Tips.UnitTest.Adapter, Version=10.0.0.0, Culture=neutral, PublicKeyToken=b03f5f7f11d50a3a" className="TradersMarket.Tests.RoleRepositoryTest, TradersMarket.Tests, Version=1.0.0.0, Culture=neutral, PublicKeyToken=null" name="UpdateRoleWithNonSpecialCharacterTest" />
    </UnitTest>
  </TestDefinitions>
  <TestLists>
    <TestList name="Results Not in a List" id="8c84fa94-04c1-424b-9868-57a2d4851a1d" />
    <TestList name="All Loaded Results" id="19431567-8539-422a-85d7-44ee4e166bda" />
  </TestLists>
  <TestEntries>
    <TestEntry testId="5bd04a7a-7ab8-3723-7949-7edf4696a8c0" executionId="e3a7e1d3-0bdd-4602-a69a-2d69307c0fc7" testListId="8c84fa94-04c1-424b-9868-57a2d4851a1d" />
  </TestEntries>
  <Results>
    <UnitTestResult executionId="e3a7e1d3-0bdd-4602-a69a-2d69307c0fc7" testId="5bd04a7a-7ab8-3723-7949-7edf4696a8c0" testName="UpdateRoleWithNonSpecialCharacterTest" computerName="SCHOOLPC" duration="00:00:19.0011893" startTime="2015-01-09T19:58:43.8143933+01:00" endTime="2015-01-09T19:59:02.8155826+01:00" testType="13cdc9d9-ddb5-4fa4-a97d-d965ccfc6d4b" outcome="Aborted" testListId="8c84fa94-04c1-424b-9868-57a2d4851a1d" relativeResultsDirectory="e3a7e1d3-0bdd-4602-a69a-2d69307c0fc7">
    </UnitTestResult>
  </Results>
</TestRun>