<?xml version="1.0" encoding="UTF-8"?>
<TestRun id="8f9c2634-f2d6-4d0b-8f2f-0228df99947d" name="Miguel@SCHOOLPC 2015-01-04 15:47:21" runUser="SCHOOLPC\Miguel" xmlns="http://microsoft.com/schemas/VisualStudio/TeamTest/2010">
  <TestSettings name="Default Test Settings" id="b2d86673-9a19-4b75-a363-e46b9b2d5758">
    <Deployment runDeploymentRoot="Miguel_SCHOOLPC 2015-01-04 15_47_21">
      <DeploymentItem filename="C:\Users\Miguel\Desktop\SEAssignment\TradersMarket\DataAccess\bin\Debug\DataAccess.dll" />
      <DeploymentItem filename="C:\Users\Miguel\Desktop\SEAssignment\TradersMarket\Common\bin\Debug\Common.dll" />
      <DeploymentItem filename="C:\Users\Miguel\Desktop\SEAssignment\TradersMarket\TradersMarket\bin\TradersMarket.dll" />
    </Deployment>
    <Execution>
      <TestTypeSpecific />
      <AgentRule name="Execution Agents">
      </AgentRule>
    </Execution>
  </TestSettings>
  <Times creation="2015-01-04T15:47:21.0386357+01:00" queuing="2015-01-04T15:47:21.2998826+01:00" start="2015-01-04T15:47:21.3048845+01:00" finish="2015-01-04T15:47:21.7919286+01:00" />
  <ResultSummary outcome="Completed">
    <Counters total="1" executed="1" passed="1" error="0" failed="0" timeout="0" aborted="0" inconclusive="0" passedButRunAborted="0" notRunnable="0" notExecuted="0" disconnected="0" warning="0" completed="0" inProgress="0" pending="0" />
  </ResultSummary>
  <TestDefinitions>
    <UnitTest name="DeleteProduct" storage="c:\users\miguel\desktop\seassignment\tradersmarket\tradersmarket.tests\bin\debug\tradersmarket.tests.dll" id="e05c8d0f-0992-934c-c5c6-a3ca8e959279">
      <Execution id="005287b8-e532-4624-89a8-88a566311823" />
      <TestMethod codeBase="C:/Users/Miguel/Desktop/SEAssignment/TradersMarket/TradersMarket.Tests/bin/Debug/TradersMarket.Tests.DLL" adapterTypeName="Microsoft.VisualStudio.TestTools.TestTypes.Unit.UnitTestAdapter, Microsoft.VisualStudio.QualityTools.Tips.UnitTest.Adapter, Version=10.0.0.0, Culture=neutral, PublicKeyToken=b03f5f7f11d50a3a" className="TradersMarket.Tests.Repository.ProductRepositoryTest, TradersMarket.Tests, Version=1.0.0.0, Culture=neutral, PublicKeyToken=null" name="DeleteProduct" />
    </UnitTest>
  </TestDefinitions>
  <TestLists>
    <TestList name="Results Not in a List" id="8c84fa94-04c1-424b-9868-57a2d4851a1d" />
    <TestList name="All Loaded Results" id="19431567-8539-422a-85d7-44ee4e166bda" />
  </TestLists>
  <TestEntries>
    <TestEntry testId="e05c8d0f-0992-934c-c5c6-a3ca8e959279" executionId="005287b8-e532-4624-89a8-88a566311823" testListId="8c84fa94-04c1-424b-9868-57a2d4851a1d" />
  </TestEntries>
  <Results>
    <UnitTestResult executionId="005287b8-e532-4624-89a8-88a566311823" testId="e05c8d0f-0992-934c-c5c6-a3ca8e959279" testName="DeleteProduct" computerName="SCHOOLPC" duration="00:00:00.2318607" startTime="2015-01-04T15:47:21.3349044+01:00" endTime="2015-01-04T15:47:21.7769180+01:00" testType="13cdc9d9-ddb5-4fa4-a97d-d965ccfc6d4b" outcome="Passed" testListId="8c84fa94-04c1-424b-9868-57a2d4851a1d" relativeResultsDirectory="005287b8-e532-4624-89a8-88a566311823">
    </UnitTestResult>
  </Results>
</TestRun>