<?xml version="1.0" encoding="UTF-8"?>
<TestRun id="5b37acdf-1ab8-4d2b-9014-33efb1d051fc" name="Miguel@SCHOOLPC 2015-01-09 20:30:31" runUser="SCHOOLPC\Miguel" xmlns="http://microsoft.com/schemas/VisualStudio/TeamTest/2010">
  <TestSettings name="Default Test Settings" id="3e5de85b-4a69-46e3-b8d5-518e44ce1f83">
    <Deployment runDeploymentRoot="Miguel_SCHOOLPC 2015-01-09 20_30_31">
      <DeploymentItem filename="C:\Users\Miguel\Desktop\SEAssignment\TradersMarket\DataAccess\bin\Debug\DataAccess.dll" />
      <DeploymentItem filename="C:\Users\Miguel\Desktop\SEAssignment\TradersMarket\Common\bin\Debug\Common.dll" />
      <DeploymentItem filename="C:\Users\Miguel\Desktop\SEAssignment\TradersMarket\TradersMarket\bin\TradersMarket.dll" />
    </Deployment>
    <Execution>
      <TestTypeSpecific />
      <AgentRule name="Execution Agents">
      </AgentRule>
    </Execution>
  </TestSettings>
  <Times creation="2015-01-09T20:30:31.0104598+01:00" queuing="2015-01-09T20:30:32.1667662+01:00" start="2015-01-09T20:30:32.2292675+01:00" finish="2015-01-09T20:30:39.1155231+01:00" />
  <ResultSummary outcome="Error">
    <Counters total="1" executed="1" error="0" failed="0" timeout="0" aborted="1" inconclusive="0" passedButRunAborted="0" notRunnable="0" notExecuted="0" disconnected="0" warning="0" passed="0" completed="0" inProgress="0" pending="0" />
    <RunInfos>
      <RunInfo computerName="SCHOOLPC" outcome="Error" timestamp="2015-01-09T20:30:39.1155231+01:00">
        <Text>Test host process exited unexpectedly.</Text>
      </RunInfo>
    </RunInfos>
  </ResultSummary>
  <TestDefinitions>
    <UnitTest name="DeleteRoleWithExistingIDTest" storage="c:\users\miguel\desktop\seassignment\tradersmarket\tradersmarket.tests\bin\debug\tradersmarket.tests.dll" id="dda92ced-741c-68cb-110e-ce9ab1e3001a">
      <Execution id="9177b3fe-b285-49eb-9148-83b36ea22286" />
      <TestMethod codeBase="C:/Users/Miguel/Desktop/SEAssignment/TradersMarket/TradersMarket.Tests/bin/Debug/TradersMarket.Tests.DLL" adapterTypeName="Microsoft.VisualStudio.TestTools.TestTypes.Unit.UnitTestAdapter, Microsoft.VisualStudio.QualityTools.Tips.UnitTest.Adapter, Version=10.0.0.0, Culture=neutral, PublicKeyToken=b03f5f7f11d50a3a" className="TradersMarket.Tests.RoleRepositoryTest, TradersMarket.Tests, Version=1.0.0.0, Culture=neutral, PublicKeyToken=null" name="DeleteRoleWithExistingIDTest" />
    </UnitTest>
  </TestDefinitions>
  <TestLists>
    <TestList name="Results Not in a List" id="8c84fa94-04c1-424b-9868-57a2d4851a1d" />
    <TestList name="All Loaded Results" id="19431567-8539-422a-85d7-44ee4e166bda" />
  </TestLists>
  <TestEntries>
    <TestEntry testId="dda92ced-741c-68cb-110e-ce9ab1e3001a" executionId="9177b3fe-b285-49eb-9148-83b36ea22286" testListId="8c84fa94-04c1-424b-9868-57a2d4851a1d" />
  </TestEntries>
  <Results>
    <UnitTestResult executionId="9177b3fe-b285-49eb-9148-83b36ea22286" testId="dda92ced-741c-68cb-110e-ce9ab1e3001a" testName="DeleteRoleWithExistingIDTest" computerName="SCHOOLPC" duration="00:00:06.8550045" startTime="2015-01-09T20:30:32.2605186+01:00" endTime="2015-01-09T20:30:39.1155231+01:00" testType="13cdc9d9-ddb5-4fa4-a97d-d965ccfc6d4b" outcome="Aborted" testListId="8c84fa94-04c1-424b-9868-57a2d4851a1d" relativeResultsDirectory="9177b3fe-b285-49eb-9148-83b36ea22286">
    </UnitTestResult>
  </Results>
</TestRun>