<?xml version="1.0" encoding="UTF-8"?>
<TestRun id="9a062145-6efb-49c4-b4f7-40d28ce3638a" name="Miguel@SCHOOLPC 2015-01-09 19:13:56" runUser="SCHOOLPC\Miguel" xmlns="http://microsoft.com/schemas/VisualStudio/TeamTest/2010">
  <TestSettings name="Default Test Settings" id="59e14b54-6bde-43f6-b00d-70031e322a7c">
    <Deployment runDeploymentRoot="Miguel_SCHOOLPC 2015-01-09 19_13_56">
      <DeploymentItem filename="C:\Users\Miguel\Desktop\SEAssignment\TradersMarket\DataAccess\bin\Debug\DataAccess.dll" />
      <DeploymentItem filename="C:\Users\Miguel\Desktop\SEAssignment\TradersMarket\Common\bin\Debug\Common.dll" />
      <DeploymentItem filename="C:\Users\Miguel\Desktop\SEAssignment\TradersMarket\TradersMarket\bin\TradersMarket.dll" />
    </Deployment>
    <Execution>
      <TestTypeSpecific />
      <AgentRule name="Execution Agents">
      </AgentRule>
    </Execution>
  </TestSettings>
  <Times creation="2015-01-09T19:13:56.2187432+01:00" queuing="2015-01-09T19:13:57.3233012+01:00" start="2015-01-09T19:13:57.3858050+01:00" finish="2015-01-09T19:14:06.7369389+01:00" />
  <ResultSummary outcome="Completed">
    <Counters total="1" executed="1" passed="1" error="0" failed="0" timeout="0" aborted="0" inconclusive="0" passedButRunAborted="0" notRunnable="0" notExecuted="0" disconnected="0" warning="0" completed="0" inProgress="0" pending="0" />
  </ResultSummary>
  <TestDefinitions>
    <UnitTest name="UpdateRoleWith1CharacterTest" storage="c:\users\miguel\desktop\seassignment\tradersmarket\tradersmarket.tests\bin\debug\tradersmarket.tests.dll" id="1118bdfd-9803-d414-3555-52ba04e79ef3">
      <Execution id="5869e918-d3fe-46d5-b0b8-8ccbbaf3d858" />
      <TestMethod codeBase="C:/Users/Miguel/Desktop/SEAssignment/TradersMarket/TradersMarket.Tests/bin/Debug/TradersMarket.Tests.DLL" adapterTypeName="Microsoft.VisualStudio.TestTools.TestTypes.Unit.UnitTestAdapter, Microsoft.VisualStudio.QualityTools.Tips.UnitTest.Adapter, Version=10.0.0.0, Culture=neutral, PublicKeyToken=b03f5f7f11d50a3a" className="TradersMarket.Tests.RoleRepositoryTest, TradersMarket.Tests, Version=1.0.0.0, Culture=neutral, PublicKeyToken=null" name="UpdateRoleWith1CharacterTest" />
    </UnitTest>
  </TestDefinitions>
  <TestLists>
    <TestList name="Results Not in a List" id="8c84fa94-04c1-424b-9868-57a2d4851a1d" />
    <TestList name="All Loaded Results" id="19431567-8539-422a-85d7-44ee4e166bda" />
  </TestLists>
  <TestEntries>
    <TestEntry testId="1118bdfd-9803-d414-3555-52ba04e79ef3" executionId="5869e918-d3fe-46d5-b0b8-8ccbbaf3d858" testListId="8c84fa94-04c1-424b-9868-57a2d4851a1d" />
  </TestEntries>
  <Results>
    <UnitTestResult executionId="5869e918-d3fe-46d5-b0b8-8ccbbaf3d858" testId="1118bdfd-9803-d414-3555-52ba04e79ef3" testName="UpdateRoleWith1CharacterTest" computerName="SCHOOLPC" duration="00:00:08.4835848" startTime="2015-01-09T19:13:57.4326821+01:00" endTime="2015-01-09T19:14:06.6588300+01:00" testType="13cdc9d9-ddb5-4fa4-a97d-d965ccfc6d4b" outcome="Passed" testListId="8c84fa94-04c1-424b-9868-57a2d4851a1d" relativeResultsDirectory="5869e918-d3fe-46d5-b0b8-8ccbbaf3d858">
    </UnitTestResult>
  </Results>
</TestRun>