<?xml version="1.0" encoding="UTF-8"?>
<TestRun id="60c777f2-cee3-4884-806f-4a0de5c553d6" name="Miguel@SCHOOLPC 2015-01-09 20:20:34" runUser="SCHOOLPC\Miguel" xmlns="http://microsoft.com/schemas/VisualStudio/TeamTest/2010">
  <TestSettings name="Default Test Settings" id="f11727a7-9044-4134-a94d-9ca5613ad258">
    <Deployment runDeploymentRoot="Miguel_SCHOOLPC 2015-01-09 20_20_34">
      <DeploymentItem filename="C:\Users\Miguel\Desktop\SEAssignment\TradersMarket\DataAccess\bin\Debug\DataAccess.dll" />
      <DeploymentItem filename="C:\Users\Miguel\Desktop\SEAssignment\TradersMarket\Common\bin\Debug\Common.dll" />
      <DeploymentItem filename="C:\Users\Miguel\Desktop\SEAssignment\TradersMarket\TradersMarket\bin\TradersMarket.dll" />
    </Deployment>
    <Execution>
      <TestTypeSpecific />
      <AgentRule name="Execution Agents">
      </AgentRule>
    </Execution>
  </TestSettings>
  <Times creation="2015-01-09T20:20:34.9673863+01:00" queuing="2015-01-09T20:20:36.1393157+01:00" start="2015-01-09T20:20:36.1861944+01:00" finish="2015-01-09T20:20:42.1271522+01:00" />
  <ResultSummary outcome="Completed">
    <Counters total="1" executed="1" passed="1" error="0" failed="0" timeout="0" aborted="0" inconclusive="0" passedButRunAborted="0" notRunnable="0" notExecuted="0" disconnected="0" warning="0" completed="0" inProgress="0" pending="0" />
  </ResultSummary>
  <TestDefinitions>
    <UnitTest name="GetRoleWithNegativeTest" storage="c:\users\miguel\desktop\seassignment\tradersmarket\tradersmarket.tests\bin\debug\tradersmarket.tests.dll" id="da355fac-8d84-c5b6-fc63-b3dd46547821">
      <Execution id="a5d40be8-610b-45e9-8cd2-a885345f3a9c" />
      <TestMethod codeBase="C:/Users/Miguel/Desktop/SEAssignment/TradersMarket/TradersMarket.Tests/bin/Debug/TradersMarket.Tests.DLL" adapterTypeName="Microsoft.VisualStudio.TestTools.TestTypes.Unit.UnitTestAdapter, Microsoft.VisualStudio.QualityTools.Tips.UnitTest.Adapter, Version=10.0.0.0, Culture=neutral, PublicKeyToken=b03f5f7f11d50a3a" className="TradersMarket.Tests.RoleRepositoryTest, TradersMarket.Tests, Version=1.0.0.0, Culture=neutral, PublicKeyToken=null" name="GetRoleWithNegativeTest" />
    </UnitTest>
  </TestDefinitions>
  <TestLists>
    <TestList name="Results Not in a List" id="8c84fa94-04c1-424b-9868-57a2d4851a1d" />
    <TestList name="All Loaded Results" id="19431567-8539-422a-85d7-44ee4e166bda" />
  </TestLists>
  <TestEntries>
    <TestEntry testId="da355fac-8d84-c5b6-fc63-b3dd46547821" executionId="a5d40be8-610b-45e9-8cd2-a885345f3a9c" testListId="8c84fa94-04c1-424b-9868-57a2d4851a1d" />
  </TestEntries>
  <Results>
    <UnitTestResult executionId="a5d40be8-610b-45e9-8cd2-a885345f3a9c" testId="da355fac-8d84-c5b6-fc63-b3dd46547821" testName="GetRoleWithNegativeTest" computerName="SCHOOLPC" duration="00:00:05.1971617" startTime="2015-01-09T20:20:36.2330719+01:00" endTime="2015-01-09T20:20:42.0646496+01:00" testType="13cdc9d9-ddb5-4fa4-a97d-d965ccfc6d4b" outcome="Passed" testListId="8c84fa94-04c1-424b-9868-57a2d4851a1d" relativeResultsDirectory="a5d40be8-610b-45e9-8cd2-a885345f3a9c">
    </UnitTestResult>
  </Results>
</TestRun>