<?xml version="1.0" encoding="UTF-8"?>
<TestRun id="6e635c3a-b748-4185-bb4f-d2a0d9e7c6bd" name="Miguel@SCHOOLPC 2015-01-09 20:03:43" runUser="SCHOOLPC\Miguel" xmlns="http://microsoft.com/schemas/VisualStudio/TeamTest/2010">
  <TestSettings name="Default Test Settings" id="895c3176-f559-4fb5-9481-866d0af8d2a4">
    <Deployment runDeploymentRoot="Miguel_SCHOOLPC 2015-01-09 20_03_43">
      <DeploymentItem filename="C:\Users\Miguel\Desktop\SEAssignment\TradersMarket\DataAccess\bin\Debug\DataAccess.dll" />
      <DeploymentItem filename="C:\Users\Miguel\Desktop\SEAssignment\TradersMarket\Common\bin\Debug\Common.dll" />
      <DeploymentItem filename="C:\Users\Miguel\Desktop\SEAssignment\TradersMarket\TradersMarket\bin\TradersMarket.dll" />
    </Deployment>
    <Execution>
      <TestTypeSpecific />
      <AgentRule name="Execution Agents">
      </AgentRule>
    </Execution>
  </TestSettings>
  <Times creation="2015-01-09T20:03:43.7288473+01:00" queuing="2015-01-09T20:03:45.0257824+01:00" start="2015-01-09T20:03:45.1039122+01:00" finish="2015-01-09T20:03:53.9705687+01:00" />
  <ResultSummary outcome="Completed">
    <Counters total="1" executed="1" passed="1" error="0" failed="0" timeout="0" aborted="0" inconclusive="0" passedButRunAborted="0" notRunnable="0" notExecuted="0" disconnected="0" warning="0" completed="0" inProgress="0" pending="0" />
  </ResultSummary>
  <TestDefinitions>
    <UnitTest name="UpdateRoleWithNonSpecialCharacterTest" storage="c:\users\miguel\desktop\seassignment\tradersmarket\tradersmarket.tests\bin\debug\tradersmarket.tests.dll" id="5bd04a7a-7ab8-3723-7949-7edf4696a8c0">
      <Execution id="f49fef39-f4f4-42ba-b5ca-dedc9d66410d" />
      <TestMethod codeBase="C:/Users/Miguel/Desktop/SEAssignment/TradersMarket/TradersMarket.Tests/bin/Debug/TradersMarket.Tests.DLL" adapterTypeName="Microsoft.VisualStudio.TestTools.TestTypes.Unit.UnitTestAdapter, Microsoft.VisualStudio.QualityTools.Tips.UnitTest.Adapter, Version=10.0.0.0, Culture=neutral, PublicKeyToken=b03f5f7f11d50a3a" className="TradersMarket.Tests.RoleRepositoryTest, TradersMarket.Tests, Version=1.0.0.0, Culture=neutral, PublicKeyToken=null" name="UpdateRoleWithNonSpecialCharacterTest" />
    </UnitTest>
  </TestDefinitions>
  <TestLists>
    <TestList name="Results Not in a List" id="8c84fa94-04c1-424b-9868-57a2d4851a1d" />
    <TestList name="All Loaded Results" id="19431567-8539-422a-85d7-44ee4e166bda" />
  </TestLists>
  <TestEntries>
    <TestEntry testId="5bd04a7a-7ab8-3723-7949-7edf4696a8c0" executionId="f49fef39-f4f4-42ba-b5ca-dedc9d66410d" testListId="8c84fa94-04c1-424b-9868-57a2d4851a1d" />
  </TestEntries>
  <Results>
    <UnitTestResult executionId="f49fef39-f4f4-42ba-b5ca-dedc9d66410d" testId="5bd04a7a-7ab8-3723-7949-7edf4696a8c0" testName="UpdateRoleWithNonSpecialCharacterTest" computerName="SCHOOLPC" duration="00:00:06.3483582" startTime="2015-01-09T20:03:45.1976650+01:00" endTime="2015-01-09T20:03:52.2673617+01:00" testType="13cdc9d9-ddb5-4fa4-a97d-d965ccfc6d4b" outcome="Passed" testListId="8c84fa94-04c1-424b-9868-57a2d4851a1d" relativeResultsDirectory="f49fef39-f4f4-42ba-b5ca-dedc9d66410d">
    </UnitTestResult>
  </Results>
</TestRun>