<?xml version="1.0" encoding="UTF-8"?>
<TestRun id="9fedf180-111f-493c-8999-b44aab9ef7a7" name="Miguel@SCHOOLPC 2015-01-09 19:48:58" runUser="SCHOOLPC\Miguel" xmlns="http://microsoft.com/schemas/VisualStudio/TeamTest/2010">
  <TestSettings name="Default Test Settings" id="e85b156e-3f90-42e3-8767-d45a0ff679b8">
    <Deployment runDeploymentRoot="Miguel_SCHOOLPC 2015-01-09 19_48_58">
      <DeploymentItem filename="C:\Users\Miguel\Desktop\SEAssignment\TradersMarket\DataAccess\bin\Debug\DataAccess.dll" />
      <DeploymentItem filename="C:\Users\Miguel\Desktop\SEAssignment\TradersMarket\Common\bin\Debug\Common.dll" />
      <DeploymentItem filename="C:\Users\Miguel\Desktop\SEAssignment\TradersMarket\TradersMarket\bin\TradersMarket.dll" />
    </Deployment>
    <Execution>
      <TestTypeSpecific />
      <AgentRule name="Execution Agents">
      </AgentRule>
    </Execution>
  </TestSettings>
  <Times creation="2015-01-09T19:48:58.0437726+01:00" queuing="2015-01-09T19:48:59.1079013+01:00" start="2015-01-09T19:48:59.2329073+01:00" finish="2015-01-09T19:49:02.0899480+01:00" />
  <ResultSummary outcome="Completed">
    <Counters total="1" executed="1" passed="1" error="0" failed="0" timeout="0" aborted="0" inconclusive="0" passedButRunAborted="0" notRunnable="0" notExecuted="0" disconnected="0" warning="0" completed="0" inProgress="0" pending="0" />
  </ResultSummary>
  <TestDefinitions>
    <UnitTest name="UpdateRoleWith50CharacterTest" storage="c:\users\miguel\desktop\seassignment\tradersmarket\tradersmarket.tests\bin\debug\tradersmarket.tests.dll" id="c4de1b3b-ab84-fa47-cc55-d249035fa262">
      <Execution id="37a85fc2-e67f-43df-ac48-304f31cb53b3" />
      <TestMethod codeBase="C:/Users/Miguel/Desktop/SEAssignment/TradersMarket/TradersMarket.Tests/bin/Debug/TradersMarket.Tests.DLL" adapterTypeName="Microsoft.VisualStudio.TestTools.TestTypes.Unit.UnitTestAdapter, Microsoft.VisualStudio.QualityTools.Tips.UnitTest.Adapter, Version=10.0.0.0, Culture=neutral, PublicKeyToken=b03f5f7f11d50a3a" className="TradersMarket.Tests.RoleRepositoryTest, TradersMarket.Tests, Version=1.0.0.0, Culture=neutral, PublicKeyToken=null" name="UpdateRoleWith50CharacterTest" />
    </UnitTest>
  </TestDefinitions>
  <TestLists>
    <TestList name="Results Not in a List" id="8c84fa94-04c1-424b-9868-57a2d4851a1d" />
    <TestList name="All Loaded Results" id="19431567-8539-422a-85d7-44ee4e166bda" />
  </TestLists>
  <TestEntries>
    <TestEntry testId="c4de1b3b-ab84-fa47-cc55-d249035fa262" executionId="37a85fc2-e67f-43df-ac48-304f31cb53b3" testListId="8c84fa94-04c1-424b-9868-57a2d4851a1d" />
  </TestEntries>
  <Results>
    <UnitTestResult executionId="37a85fc2-e67f-43df-ac48-304f31cb53b3" testId="c4de1b3b-ab84-fa47-cc55-d249035fa262" testName="UpdateRoleWith50CharacterTest" computerName="SCHOOLPC" duration="00:00:00.5573186" startTime="2015-01-09T19:48:59.3266614+01:00" endTime="2015-01-09T19:49:00.3711196+01:00" testType="13cdc9d9-ddb5-4fa4-a97d-d965ccfc6d4b" outcome="Passed" testListId="8c84fa94-04c1-424b-9868-57a2d4851a1d" relativeResultsDirectory="37a85fc2-e67f-43df-ac48-304f31cb53b3">
    </UnitTestResult>
  </Results>
</TestRun>