<?xml version="1.0" encoding="UTF-8"?>
<TestRun id="c4bed5d8-8eec-488e-a825-7d2c99e104d0" name="Miguel@SCHOOLPC 2015-01-09 20:37:27" runUser="SCHOOLPC\Miguel" xmlns="http://microsoft.com/schemas/VisualStudio/TeamTest/2010">
  <TestSettings name="Default Test Settings" id="0a1604bf-a530-4463-82a0-fd932a8e0ba0">
    <Deployment runDeploymentRoot="Miguel_SCHOOLPC 2015-01-09 20_37_27">
      <DeploymentItem filename="C:\Users\Miguel\Desktop\SEAssignment\TradersMarket\DataAccess\bin\Debug\DataAccess.dll" />
      <DeploymentItem filename="C:\Users\Miguel\Desktop\SEAssignment\TradersMarket\Common\bin\Debug\Common.dll" />
      <DeploymentItem filename="C:\Users\Miguel\Desktop\SEAssignment\TradersMarket\TradersMarket\bin\TradersMarket.dll" />
    </Deployment>
    <Execution>
      <TestTypeSpecific />
      <AgentRule name="Execution Agents">
      </AgentRule>
    </Execution>
  </TestSettings>
  <Times creation="2015-01-09T20:37:27.3793351+01:00" queuing="2015-01-09T20:37:28.3325048+01:00" start="2015-01-09T20:37:28.3950091+01:00" finish="2015-01-09T20:37:31.2001820+01:00" />
  <ResultSummary outcome="Completed">
    <Counters total="1" executed="1" passed="1" error="0" failed="0" timeout="0" aborted="0" inconclusive="0" passedButRunAborted="0" notRunnable="0" notExecuted="0" disconnected="0" warning="0" completed="0" inProgress="0" pending="0" />
  </ResultSummary>
  <TestDefinitions>
    <UnitTest name="DeleteRoleWithExistingIDTest" storage="c:\users\miguel\desktop\seassignment\tradersmarket\tradersmarket.tests\bin\debug\tradersmarket.tests.dll" id="dda92ced-741c-68cb-110e-ce9ab1e3001a">
      <Execution id="01f7071f-1cd4-4a40-9615-e762f977aafb" />
      <TestMethod codeBase="C:/Users/Miguel/Desktop/SEAssignment/TradersMarket/TradersMarket.Tests/bin/Debug/TradersMarket.Tests.DLL" adapterTypeName="Microsoft.VisualStudio.TestTools.TestTypes.Unit.UnitTestAdapter, Microsoft.VisualStudio.QualityTools.Tips.UnitTest.Adapter, Version=10.0.0.0, Culture=neutral, PublicKeyToken=b03f5f7f11d50a3a" className="TradersMarket.Tests.RoleRepositoryTest, TradersMarket.Tests, Version=1.0.0.0, Culture=neutral, PublicKeyToken=null" name="DeleteRoleWithExistingIDTest" />
    </UnitTest>
  </TestDefinitions>
  <TestLists>
    <TestList name="Results Not in a List" id="8c84fa94-04c1-424b-9868-57a2d4851a1d" />
    <TestList name="All Loaded Results" id="19431567-8539-422a-85d7-44ee4e166bda" />
  </TestLists>
  <TestEntries>
    <TestEntry testId="dda92ced-741c-68cb-110e-ce9ab1e3001a" executionId="01f7071f-1cd4-4a40-9615-e762f977aafb" testListId="8c84fa94-04c1-424b-9868-57a2d4851a1d" />
  </TestEntries>
  <Results>
    <UnitTestResult executionId="01f7071f-1cd4-4a40-9615-e762f977aafb" testId="dda92ced-741c-68cb-110e-ce9ab1e3001a" testName="DeleteRoleWithExistingIDTest" computerName="SCHOOLPC" duration="00:00:00.5878476" startTime="2015-01-09T20:37:28.4262597+01:00" endTime="2015-01-09T20:37:29.5044380+01:00" testType="13cdc9d9-ddb5-4fa4-a97d-d965ccfc6d4b" outcome="Passed" testListId="8c84fa94-04c1-424b-9868-57a2d4851a1d" relativeResultsDirectory="01f7071f-1cd4-4a40-9615-e762f977aafb">
    </UnitTestResult>
  </Results>
</TestRun>