<?xml version="1.0" encoding="UTF-8"?>
<TestRun id="b6b74350-b922-463c-a562-b774cf5c1265" name="Miguel@SCHOOLPC 2015-01-09 20:41:18" runUser="SCHOOLPC\Miguel" xmlns="http://microsoft.com/schemas/VisualStudio/TeamTest/2010">
  <TestSettings name="Default Test Settings" id="4777a2a8-4e61-4b1f-986d-d94fc4c56eca">
    <Deployment runDeploymentRoot="Miguel_SCHOOLPC 2015-01-09 20_41_18">
      <DeploymentItem filename="C:\Users\Miguel\Desktop\SEAssignment\TradersMarket\DataAccess\bin\Debug\DataAccess.dll" />
      <DeploymentItem filename="C:\Users\Miguel\Desktop\SEAssignment\TradersMarket\Common\bin\Debug\Common.dll" />
      <DeploymentItem filename="C:\Users\Miguel\Desktop\SEAssignment\TradersMarket\TradersMarket\bin\TradersMarket.dll" />
    </Deployment>
    <Execution>
      <TestTypeSpecific />
      <AgentRule name="Execution Agents">
      </AgentRule>
    </Execution>
  </TestSettings>
  <Times creation="2015-01-09T20:41:18.3934228+01:00" queuing="2015-01-09T20:41:19.4627360+01:00" start="2015-01-09T20:41:19.5096131+01:00" finish="2015-01-09T20:41:25.8438713+01:00" />
  <ResultSummary outcome="Error">
    <Counters total="1" executed="1" error="0" failed="0" timeout="0" aborted="1" inconclusive="0" passedButRunAborted="0" notRunnable="0" notExecuted="0" disconnected="0" warning="0" passed="0" completed="0" inProgress="0" pending="0" />
    <RunInfos>
      <RunInfo computerName="SCHOOLPC" outcome="Error" timestamp="2015-01-09T20:41:25.8438713+01:00">
        <Text>Test host process exited unexpectedly.</Text>
      </RunInfo>
    </RunInfos>
  </ResultSummary>
  <TestDefinitions>
    <UnitTest name="DeleteRoleWithNonExistingIDTest" storage="c:\users\miguel\desktop\seassignment\tradersmarket\tradersmarket.tests\bin\debug\tradersmarket.tests.dll" id="e4c44d67-fffa-f599-fd63-c930937de16d">
      <Execution id="4e8ca4ae-99e2-4c52-ac48-5103a666a087" />
      <TestMethod codeBase="C:/Users/Miguel/Desktop/SEAssignment/TradersMarket/TradersMarket.Tests/bin/Debug/TradersMarket.Tests.DLL" adapterTypeName="Microsoft.VisualStudio.TestTools.TestTypes.Unit.UnitTestAdapter, Microsoft.VisualStudio.QualityTools.Tips.UnitTest.Adapter, Version=10.0.0.0, Culture=neutral, PublicKeyToken=b03f5f7f11d50a3a" className="TradersMarket.Tests.RoleRepositoryTest, TradersMarket.Tests, Version=1.0.0.0, Culture=neutral, PublicKeyToken=null" name="DeleteRoleWithNonExistingIDTest" />
    </UnitTest>
  </TestDefinitions>
  <TestLists>
    <TestList name="Results Not in a List" id="8c84fa94-04c1-424b-9868-57a2d4851a1d" />
    <TestList name="All Loaded Results" id="19431567-8539-422a-85d7-44ee4e166bda" />
  </TestLists>
  <TestEntries>
    <TestEntry testId="e4c44d67-fffa-f599-fd63-c930937de16d" executionId="4e8ca4ae-99e2-4c52-ac48-5103a666a087" testListId="8c84fa94-04c1-424b-9868-57a2d4851a1d" />
  </TestEntries>
  <Results>
    <UnitTestResult executionId="4e8ca4ae-99e2-4c52-ac48-5103a666a087" testId="e4c44d67-fffa-f599-fd63-c930937de16d" testName="DeleteRoleWithNonExistingIDTest" computerName="SCHOOLPC" duration="00:00:06.2873812" startTime="2015-01-09T20:41:19.5564901+01:00" endTime="2015-01-09T20:41:25.8438713+01:00" testType="13cdc9d9-ddb5-4fa4-a97d-d965ccfc6d4b" outcome="Aborted" testListId="8c84fa94-04c1-424b-9868-57a2d4851a1d" relativeResultsDirectory="4e8ca4ae-99e2-4c52-ac48-5103a666a087">
    </UnitTestResult>
  </Results>
</TestRun>