<?xml version="1.0" encoding="UTF-8"?>
<TestRun id="ee710d8f-43bf-494d-b3f1-1536a9aa1843" name="Miguel@SCHOOLPC 2015-01-09 19:34:03" runUser="SCHOOLPC\Miguel" xmlns="http://microsoft.com/schemas/VisualStudio/TeamTest/2010">
  <TestSettings name="Default Test Settings" id="9c12bb62-09be-4536-b16e-36bfeeb08263">
    <Deployment runDeploymentRoot="Miguel_SCHOOLPC 2015-01-09 19_34_03">
      <DeploymentItem filename="C:\Users\Miguel\Desktop\SEAssignment\TradersMarket\DataAccess\bin\Debug\DataAccess.dll" />
      <DeploymentItem filename="C:\Users\Miguel\Desktop\SEAssignment\TradersMarket\Common\bin\Debug\Common.dll" />
      <DeploymentItem filename="C:\Users\Miguel\Desktop\SEAssignment\TradersMarket\TradersMarket\bin\TradersMarket.dll" />
    </Deployment>
    <Execution>
      <TestTypeSpecific />
      <AgentRule name="Execution Agents">
      </AgentRule>
    </Execution>
  </TestSettings>
  <Times creation="2015-01-09T19:34:03.8698816+01:00" queuing="2015-01-09T19:34:05.0353842+01:00" start="2015-01-09T19:34:05.1135132+01:00" finish="2015-01-09T19:35:28.9964407+01:00" />
  <ResultSummary outcome="Error">
    <Counters total="1" executed="1" error="0" failed="0" timeout="0" aborted="1" inconclusive="0" passedButRunAborted="0" notRunnable="0" notExecuted="0" disconnected="0" warning="0" passed="0" completed="0" inProgress="0" pending="0" />
    <RunInfos>
      <RunInfo computerName="SCHOOLPC" outcome="Error" timestamp="2015-01-09T19:35:28.9954394+01:00">
        <Text>Test host process exited unexpectedly.</Text>
      </RunInfo>
    </RunInfos>
  </ResultSummary>
  <TestDefinitions>
    <UnitTest name="UpdateRoleWith49CharacterTest" storage="c:\users\miguel\desktop\seassignment\tradersmarket\tradersmarket.tests\bin\debug\tradersmarket.tests.dll" id="4342b92b-20d3-5010-53b5-de0208049b34">
      <Execution id="3a47c4aa-a9b0-4166-83ce-ac5bd6e6d945" />
      <TestMethod codeBase="C:/Users/Miguel/Desktop/SEAssignment/TradersMarket/TradersMarket.Tests/bin/Debug/TradersMarket.Tests.DLL" adapterTypeName="Microsoft.VisualStudio.TestTools.TestTypes.Unit.UnitTestAdapter, Microsoft.VisualStudio.QualityTools.Tips.UnitTest.Adapter, Version=10.0.0.0, Culture=neutral, PublicKeyToken=b03f5f7f11d50a3a" className="TradersMarket.Tests.RoleRepositoryTest, TradersMarket.Tests, Version=1.0.0.0, Culture=neutral, PublicKeyToken=null" name="UpdateRoleWith49CharacterTest" />
    </UnitTest>
  </TestDefinitions>
  <TestLists>
    <TestList name="Results Not in a List" id="8c84fa94-04c1-424b-9868-57a2d4851a1d" />
    <TestList name="All Loaded Results" id="19431567-8539-422a-85d7-44ee4e166bda" />
  </TestLists>
  <TestEntries>
    <TestEntry testId="4342b92b-20d3-5010-53b5-de0208049b34" executionId="3a47c4aa-a9b0-4166-83ce-ac5bd6e6d945" testListId="8c84fa94-04c1-424b-9868-57a2d4851a1d" />
  </TestEntries>
  <Results>
    <UnitTestResult executionId="3a47c4aa-a9b0-4166-83ce-ac5bd6e6d945" testId="4342b92b-20d3-5010-53b5-de0208049b34" testName="UpdateRoleWith49CharacterTest" computerName="SCHOOLPC" duration="00:01:23.8048002" startTime="2015-01-09T19:34:05.1916405+01:00" endTime="2015-01-09T19:35:28.9964407+01:00" testType="13cdc9d9-ddb5-4fa4-a97d-d965ccfc6d4b" outcome="Aborted" testListId="8c84fa94-04c1-424b-9868-57a2d4851a1d" relativeResultsDirectory="3a47c4aa-a9b0-4166-83ce-ac5bd6e6d945">
    </UnitTestResult>
  </Results>
</TestRun>