<?xml version="1.0" encoding="UTF-8"?>
<TestRun id="0a025546-78b2-4cd1-bffb-27986d900754" name="Miguel@SCHOOLPC 2015-01-09 19:46:06" runUser="SCHOOLPC\Miguel" xmlns="http://microsoft.com/schemas/VisualStudio/TeamTest/2010">
  <TestSettings name="Default Test Settings" id="29a3a120-6ebe-482c-9ae2-688b19ba7450">
    <Deployment runDeploymentRoot="Miguel_SCHOOLPC 2015-01-09 19_46_06">
      <DeploymentItem filename="C:\Users\Miguel\Desktop\SEAssignment\TradersMarket\DataAccess\bin\Debug\DataAccess.dll" />
      <DeploymentItem filename="C:\Users\Miguel\Desktop\SEAssignment\TradersMarket\Common\bin\Debug\Common.dll" />
      <DeploymentItem filename="C:\Users\Miguel\Desktop\SEAssignment\TradersMarket\TradersMarket\bin\TradersMarket.dll" />
    </Deployment>
    <Execution>
      <TestTypeSpecific />
      <AgentRule name="Execution Agents">
      </AgentRule>
    </Execution>
  </TestSettings>
  <Times creation="2015-01-09T19:46:06.3944844+01:00" queuing="2015-01-09T19:46:07.4414087+01:00" start="2015-01-09T19:46:07.5039104+01:00" finish="2015-01-09T19:46:10.3232326+01:00" />
  <ResultSummary outcome="Completed">
    <Counters total="1" executed="1" passed="1" error="0" failed="0" timeout="0" aborted="0" inconclusive="0" passedButRunAborted="0" notRunnable="0" notExecuted="0" disconnected="0" warning="0" completed="0" inProgress="0" pending="0" />
  </ResultSummary>
  <TestDefinitions>
    <UnitTest name="UpdateRoleWith49CharacterTest" storage="c:\users\miguel\desktop\seassignment\tradersmarket\tradersmarket.tests\bin\debug\tradersmarket.tests.dll" id="4342b92b-20d3-5010-53b5-de0208049b34">
      <Execution id="a286158e-87a3-4028-b46f-b642336caced" />
      <TestMethod codeBase="C:/Users/Miguel/Desktop/SEAssignment/TradersMarket/TradersMarket.Tests/bin/Debug/TradersMarket.Tests.DLL" adapterTypeName="Microsoft.VisualStudio.TestTools.TestTypes.Unit.UnitTestAdapter, Microsoft.VisualStudio.QualityTools.Tips.UnitTest.Adapter, Version=10.0.0.0, Culture=neutral, PublicKeyToken=b03f5f7f11d50a3a" className="TradersMarket.Tests.RoleRepositoryTest, TradersMarket.Tests, Version=1.0.0.0, Culture=neutral, PublicKeyToken=null" name="UpdateRoleWith49CharacterTest" />
    </UnitTest>
  </TestDefinitions>
  <TestLists>
    <TestList name="Results Not in a List" id="8c84fa94-04c1-424b-9868-57a2d4851a1d" />
    <TestList name="All Loaded Results" id="19431567-8539-422a-85d7-44ee4e166bda" />
  </TestLists>
  <TestEntries>
    <TestEntry testId="4342b92b-20d3-5010-53b5-de0208049b34" executionId="a286158e-87a3-4028-b46f-b642336caced" testListId="8c84fa94-04c1-424b-9868-57a2d4851a1d" />
  </TestEntries>
  <Results>
    <UnitTestResult executionId="a286158e-87a3-4028-b46f-b642336caced" testId="4342b92b-20d3-5010-53b5-de0208049b34" testName="UpdateRoleWith49CharacterTest" computerName="SCHOOLPC" duration="00:00:00.5629900" startTime="2015-01-09T19:46:07.5351648+01:00" endTime="2015-01-09T19:46:08.6289645+01:00" testType="13cdc9d9-ddb5-4fa4-a97d-d965ccfc6d4b" outcome="Passed" testListId="8c84fa94-04c1-424b-9868-57a2d4851a1d" relativeResultsDirectory="a286158e-87a3-4028-b46f-b642336caced">
    </UnitTestResult>
  </Results>
</TestRun>