<?xml version="1.0" encoding="UTF-8"?>
<TestRun id="e5bf79d4-db80-4b15-9663-2a34d12414ff" name="Miguel@SCHOOLPC 2015-01-09 20:05:04" runUser="SCHOOLPC\Miguel" xmlns="http://microsoft.com/schemas/VisualStudio/TeamTest/2010">
  <TestSettings name="Default Test Settings" id="15c06d03-c1b4-4ad7-a5f1-41fd51f451ce">
    <Deployment runDeploymentRoot="Miguel_SCHOOLPC 2015-01-09 20_05_04">
      <DeploymentItem filename="C:\Users\Miguel\Desktop\SEAssignment\TradersMarket\DataAccess\bin\Debug\DataAccess.dll" />
      <DeploymentItem filename="C:\Users\Miguel\Desktop\SEAssignment\TradersMarket\Common\bin\Debug\Common.dll" />
      <DeploymentItem filename="C:\Users\Miguel\Desktop\SEAssignment\TradersMarket\TradersMarket\bin\TradersMarket.dll" />
    </Deployment>
    <Execution>
      <TestTypeSpecific />
      <AgentRule name="Execution Agents">
      </AgentRule>
    </Execution>
  </TestSettings>
  <Times creation="2015-01-09T20:05:04.0035034+01:00" queuing="2015-01-09T20:05:04.5191571+01:00" start="2015-01-09T20:05:04.5660304+01:00" finish="2015-01-09T20:05:07.1356694+01:00" />
  <ResultSummary outcome="Completed">
    <Counters total="16" executed="16" passed="16" error="0" failed="0" timeout="0" aborted="0" inconclusive="0" passedButRunAborted="0" notRunnable="0" notExecuted="0" disconnected="0" warning="0" completed="0" inProgress="0" pending="0" />
  </ResultSummary>
  <TestDefinitions>
    <UnitTest name="UpdateRoleWithNonSpecialCharacterTest" storage="c:\users\miguel\desktop\seassignment\tradersmarket\tradersmarket.tests\bin\debug\tradersmarket.tests.dll" id="5bd04a7a-7ab8-3723-7949-7edf4696a8c0">
      <Execution id="5ee122b6-0aa2-49f6-977c-6806e25603ac" />
      <TestMethod codeBase="C:/Users/Miguel/Desktop/SEAssignment/TradersMarket/TradersMarket.Tests/bin/Debug/TradersMarket.Tests.DLL" adapterTypeName="Microsoft.VisualStudio.TestTools.TestTypes.Unit.UnitTestAdapter, Microsoft.VisualStudio.QualityTools.Tips.UnitTest.Adapter, Version=10.0.0.0, Culture=neutral, PublicKeyToken=b03f5f7f11d50a3a" className="TradersMarket.Tests.RoleRepositoryTest, TradersMarket.Tests, Version=1.0.0.0, Culture=neutral, PublicKeyToken=null" name="UpdateRoleWithNonSpecialCharacterTest" />
    </UnitTest>
    <UnitTest name="UpdateRoleWith50CharacterTest" storage="c:\users\miguel\desktop\seassignment\tradersmarket\tradersmarket.tests\bin\debug\tradersmarket.tests.dll" id="c4de1b3b-ab84-fa47-cc55-d249035fa262">
      <Execution id="a9155da0-f321-4ce2-8e6c-58f0825072c1" />
      <TestMethod codeBase="C:/Users/Miguel/Desktop/SEAssignment/TradersMarket/TradersMarket.Tests/bin/Debug/TradersMarket.Tests.DLL" adapterTypeName="Microsoft.VisualStudio.TestTools.TestTypes.Unit.UnitTestAdapter, Microsoft.VisualStudio.QualityTools.Tips.UnitTest.Adapter, Version=10.0.0.0, Culture=neutral, PublicKeyToken=b03f5f7f11d50a3a" className="TradersMarket.Tests.RoleRepositoryTest, TradersMarket.Tests, Version=1.0.0.0, Culture=neutral, PublicKeyToken=null" name="UpdateRoleWith50CharacterTest" />
    </UnitTest>
    <UnitTest name="addRoleWithSpecialCharactersTest" storage="c:\users\miguel\desktop\seassignment\tradersmarket\tradersmarket.tests\bin\debug\tradersmarket.tests.dll" id="44330266-3b97-0822-dc29-dd14fa7526b0">
      <Execution id="238dc26a-0313-4eff-9f6c-e677bb46dfdd" />
      <TestMethod codeBase="C:/Users/Miguel/Desktop/SEAssignment/TradersMarket/TradersMarket.Tests/bin/Debug/TradersMarket.Tests.DLL" adapterTypeName="Microsoft.VisualStudio.TestTools.TestTypes.Unit.UnitTestAdapter, Microsoft.VisualStudio.QualityTools.Tips.UnitTest.Adapter, Version=10.0.0.0, Culture=neutral, PublicKeyToken=b03f5f7f11d50a3a" className="TradersMarket.Tests.RoleRepositoryTest, TradersMarket.Tests, Version=1.0.0.0, Culture=neutral, PublicKeyToken=null" name="addRoleWithSpecialCharactersTest" />
    </UnitTest>
    <UnitTest name="addRoleWith1CharacterTest" storage="c:\users\miguel\desktop\seassignment\tradersmarket\tradersmarket.tests\bin\debug\tradersmarket.tests.dll" id="67fee18a-41ff-83a8-86f5-ea5be29f48fd">
      <Execution id="5524af95-fdb3-4c6e-8e57-f6bed6721faf" />
      <TestMethod codeBase="C:/Users/Miguel/Desktop/SEAssignment/TradersMarket/TradersMarket.Tests/bin/Debug/TradersMarket.Tests.DLL" adapterTypeName="Microsoft.VisualStudio.TestTools.TestTypes.Unit.UnitTestAdapter, Microsoft.VisualStudio.QualityTools.Tips.UnitTest.Adapter, Version=10.0.0.0, Culture=neutral, PublicKeyToken=b03f5f7f11d50a3a" className="TradersMarket.Tests.RoleRepositoryTest, TradersMarket.Tests, Version=1.0.0.0, Culture=neutral, PublicKeyToken=null" name="addRoleWith1CharacterTest" />
    </UnitTest>
    <UnitTest name="UpdateRoleWithStringEmptyTest" storage="c:\users\miguel\desktop\seassignment\tradersmarket\tradersmarket.tests\bin\debug\tradersmarket.tests.dll" id="849449d5-bc54-816b-8f52-566db1a7bf6f">
      <Execution id="accbfdfd-b43e-4c1f-8d57-8636e9b1a474" />
      <TestMethod codeBase="C:/Users/Miguel/Desktop/SEAssignment/TradersMarket/TradersMarket.Tests/bin/Debug/TradersMarket.Tests.DLL" adapterTypeName="Microsoft.VisualStudio.TestTools.TestTypes.Unit.UnitTestAdapter, Microsoft.VisualStudio.QualityTools.Tips.UnitTest.Adapter, Version=10.0.0.0, Culture=neutral, PublicKeyToken=b03f5f7f11d50a3a" className="TradersMarket.Tests.RoleRepositoryTest, TradersMarket.Tests, Version=1.0.0.0, Culture=neutral, PublicKeyToken=null" name="UpdateRoleWithStringEmptyTest" />
    </UnitTest>
    <UnitTest name="GetRoleWithExistingIDTest" storage="c:\users\miguel\desktop\seassignment\tradersmarket\tradersmarket.tests\bin\debug\tradersmarket.tests.dll" id="c5b82e76-780e-23fc-b3d2-d2782a1482a4">
      <Execution id="8196fab9-c02e-4e98-a83a-778fc80e326f" />
      <TestMethod codeBase="C:/Users/Miguel/Desktop/SEAssignment/TradersMarket/TradersMarket.Tests/bin/Debug/TradersMarket.Tests.DLL" adapterTypeName="Microsoft.VisualStudio.TestTools.TestTypes.Unit.UnitTestAdapter, Microsoft.VisualStudio.QualityTools.Tips.UnitTest.Adapter, Version=10.0.0.0, Culture=neutral, PublicKeyToken=b03f5f7f11d50a3a" className="TradersMarket.Tests.RoleRepositoryTest, TradersMarket.Tests, Version=1.0.0.0, Culture=neutral, PublicKeyToken=null" name="GetRoleWithExistingIDTest" />
    </UnitTest>
    <UnitTest name="addRoleWithNullTest" storage="c:\users\miguel\desktop\seassignment\tradersmarket\tradersmarket.tests\bin\debug\tradersmarket.tests.dll" id="6def9753-45cd-84d9-faa7-30f25e4a81da">
      <Execution id="d78adbb2-501e-4a6d-922c-651830640bf4" />
      <TestMethod codeBase="C:/Users/Miguel/Desktop/SEAssignment/TradersMarket/TradersMarket.Tests/bin/Debug/TradersMarket.Tests.DLL" adapterTypeName="Microsoft.VisualStudio.TestTools.TestTypes.Unit.UnitTestAdapter, Microsoft.VisualStudio.QualityTools.Tips.UnitTest.Adapter, Version=10.0.0.0, Culture=neutral, PublicKeyToken=b03f5f7f11d50a3a" className="TradersMarket.Tests.RoleRepositoryTest, TradersMarket.Tests, Version=1.0.0.0, Culture=neutral, PublicKeyToken=null" name="addRoleWithNullTest" />
    </UnitTest>
    <UnitTest name="addRoleWith51CharactersTest" storage="c:\users\miguel\desktop\seassignment\tradersmarket\tradersmarket.tests\bin\debug\tradersmarket.tests.dll" id="0a7e8b4b-1efb-737e-3d6f-1a73bbd9a763">
      <Execution id="9a1458fd-6eb8-4eb2-94de-db91c5ef0587" />
      <TestMethod codeBase="C:/Users/Miguel/Desktop/SEAssignment/TradersMarket/TradersMarket.Tests/bin/Debug/TradersMarket.Tests.DLL" adapterTypeName="Microsoft.VisualStudio.TestTools.TestTypes.Unit.UnitTestAdapter, Microsoft.VisualStudio.QualityTools.Tips.UnitTest.Adapter, Version=10.0.0.0, Culture=neutral, PublicKeyToken=b03f5f7f11d50a3a" className="TradersMarket.Tests.RoleRepositoryTest, TradersMarket.Tests, Version=1.0.0.0, Culture=neutral, PublicKeyToken=null" name="addRoleWith51CharactersTest" />
    </UnitTest>
    <UnitTest name="UpdateRoleNullTest" storage="c:\users\miguel\desktop\seassignment\tradersmarket\tradersmarket.tests\bin\debug\tradersmarket.tests.dll" id="40b1a0be-681f-d90b-7743-1eddd4ba52bd">
      <Execution id="c9c2fd3e-58a1-4e97-a6fb-b32bc976f595" />
      <TestMethod codeBase="C:/Users/Miguel/Desktop/SEAssignment/TradersMarket/TradersMarket.Tests/bin/Debug/TradersMarket.Tests.DLL" adapterTypeName="Microsoft.VisualStudio.TestTools.TestTypes.Unit.UnitTestAdapter, Microsoft.VisualStudio.QualityTools.Tips.UnitTest.Adapter, Version=10.0.0.0, Culture=neutral, PublicKeyToken=b03f5f7f11d50a3a" className="TradersMarket.Tests.RoleRepositoryTest, TradersMarket.Tests, Version=1.0.0.0, Culture=neutral, PublicKeyToken=null" name="UpdateRoleNullTest" />
    </UnitTest>
    <UnitTest name="UpdateRoleWith1CharacterTest" storage="c:\users\miguel\desktop\seassignment\tradersmarket\tradersmarket.tests\bin\debug\tradersmarket.tests.dll" id="1118bdfd-9803-d414-3555-52ba04e79ef3">
      <Execution id="e9a7e590-1a0a-4fcc-8cc9-dcad26c6cadf" />
      <TestMethod codeBase="C:/Users/Miguel/Desktop/SEAssignment/TradersMarket/TradersMarket.Tests/bin/Debug/TradersMarket.Tests.DLL" adapterTypeName="Microsoft.VisualStudio.TestTools.TestTypes.Unit.UnitTestAdapter, Microsoft.VisualStudio.QualityTools.Tips.UnitTest.Adapter, Version=10.0.0.0, Culture=neutral, PublicKeyToken=b03f5f7f11d50a3a" className="TradersMarket.Tests.RoleRepositoryTest, TradersMarket.Tests, Version=1.0.0.0, Culture=neutral, PublicKeyToken=null" name="UpdateRoleWith1CharacterTest" />
    </UnitTest>
    <UnitTest name="UpdateRoleWith49CharacterTest" storage="c:\users\miguel\desktop\seassignment\tradersmarket\tradersmarket.tests\bin\debug\tradersmarket.tests.dll" id="4342b92b-20d3-5010-53b5-de0208049b34">
      <Execution id="3db32ad3-e17a-4943-b82a-5be4cc044714" />
      <TestMethod codeBase="C:/Users/Miguel/Desktop/SEAssignment/TradersMarket/TradersMarket.Tests/bin/Debug/TradersMarket.Tests.DLL" adapterTypeName="Microsoft.VisualStudio.TestTools.TestTypes.Unit.UnitTestAdapter, Microsoft.VisualStudio.QualityTools.Tips.UnitTest.Adapter, Version=10.0.0.0, Culture=neutral, PublicKeyToken=b03f5f7f11d50a3a" className="TradersMarket.Tests.RoleRepositoryTest, TradersMarket.Tests, Version=1.0.0.0, Culture=neutral, PublicKeyToken=null" name="UpdateRoleWith49CharacterTest" />
    </UnitTest>
    <UnitTest name="GetRoleWithNonExistingTest" storage="c:\users\miguel\desktop\seassignment\tradersmarket\tradersmarket.tests\bin\debug\tradersmarket.tests.dll" id="f24479a3-8a96-d0e4-3a29-0cb4feb10c7f">
      <Execution id="6fa13670-ebee-4c55-9e04-5616f0e363d4" />
      <TestMethod codeBase="C:/Users/Miguel/Desktop/SEAssignment/TradersMarket/TradersMarket.Tests/bin/Debug/TradersMarket.Tests.DLL" adapterTypeName="Microsoft.VisualStudio.TestTools.TestTypes.Unit.UnitTestAdapter, Microsoft.VisualStudio.QualityTools.Tips.UnitTest.Adapter, Version=10.0.0.0, Culture=neutral, PublicKeyToken=b03f5f7f11d50a3a" className="TradersMarket.Tests.RoleRepositoryTest, TradersMarket.Tests, Version=1.0.0.0, Culture=neutral, PublicKeyToken=null" name="GetRoleWithNonExistingTest" />
    </UnitTest>
    <UnitTest name="GetRoleWithNegativeTest" storage="c:\users\miguel\desktop\seassignment\tradersmarket\tradersmarket.tests\bin\debug\tradersmarket.tests.dll" id="da355fac-8d84-c5b6-fc63-b3dd46547821">
      <Execution id="07481e56-a658-4370-b658-fc0071bcf8ef" />
      <TestMethod codeBase="C:/Users/Miguel/Desktop/SEAssignment/TradersMarket/TradersMarket.Tests/bin/Debug/TradersMarket.Tests.DLL" adapterTypeName="Microsoft.VisualStudio.TestTools.TestTypes.Unit.UnitTestAdapter, Microsoft.VisualStudio.QualityTools.Tips.UnitTest.Adapter, Version=10.0.0.0, Culture=neutral, PublicKeyToken=b03f5f7f11d50a3a" className="TradersMarket.Tests.RoleRepositoryTest, TradersMarket.Tests, Version=1.0.0.0, Culture=neutral, PublicKeyToken=null" name="GetRoleWithNegativeTest" />
    </UnitTest>
    <UnitTest name="addRoleWith49CharacterTest" storage="c:\users\miguel\desktop\seassignment\tradersmarket\tradersmarket.tests\bin\debug\tradersmarket.tests.dll" id="26b18d07-a1d5-7f35-2c04-32969f797641">
      <Execution id="349ef380-807f-46e6-92da-d5333940b906" />
      <TestMethod codeBase="C:/Users/Miguel/Desktop/SEAssignment/TradersMarket/TradersMarket.Tests/bin/Debug/TradersMarket.Tests.DLL" adapterTypeName="Microsoft.VisualStudio.TestTools.TestTypes.Unit.UnitTestAdapter, Microsoft.VisualStudio.QualityTools.Tips.UnitTest.Adapter, Version=10.0.0.0, Culture=neutral, PublicKeyToken=b03f5f7f11d50a3a" className="TradersMarket.Tests.RoleRepositoryTest, TradersMarket.Tests, Version=1.0.0.0, Culture=neutral, PublicKeyToken=null" name="addRoleWith49CharacterTest" />
    </UnitTest>
    <UnitTest name="addRoleWith50CharacterTest" storage="c:\users\miguel\desktop\seassignment\tradersmarket\tradersmarket.tests\bin\debug\tradersmarket.tests.dll" id="48852d48-f1dd-4bf5-bd1b-95b02abc8828">
      <Execution id="60f7b037-fcd7-474e-b7ff-85e730cddaba" />
      <TestMethod codeBase="C:/Users/Miguel/Desktop/SEAssignment/TradersMarket/TradersMarket.Tests/bin/Debug/TradersMarket.Tests.DLL" adapterTypeName="Microsoft.VisualStudio.TestTools.TestTypes.Unit.UnitTestAdapter, Microsoft.VisualStudio.QualityTools.Tips.UnitTest.Adapter, Version=10.0.0.0, Culture=neutral, PublicKeyToken=b03f5f7f11d50a3a" className="TradersMarket.Tests.RoleRepositoryTest, TradersMarket.Tests, Version=1.0.0.0, Culture=neutral, PublicKeyToken=null" name="addRoleWith50CharacterTest" />
    </UnitTest>
    <UnitTest name="addRoleWithStringEmptyTest" storage="c:\users\miguel\desktop\seassignment\tradersmarket\tradersmarket.tests\bin\debug\tradersmarket.tests.dll" id="688530a1-af66-1f09-2d95-d76d7a4fc56b">
      <Execution id="d8ab74f5-be00-41cd-9f59-70e0b3e898de" />
      <TestMethod codeBase="C:/Users/Miguel/Desktop/SEAssignment/TradersMarket/TradersMarket.Tests/bin/Debug/TradersMarket.Tests.DLL" adapterTypeName="Microsoft.VisualStudio.TestTools.TestTypes.Unit.UnitTestAdapter, Microsoft.VisualStudio.QualityTools.Tips.UnitTest.Adapter, Version=10.0.0.0, Culture=neutral, PublicKeyToken=b03f5f7f11d50a3a" className="TradersMarket.Tests.RoleRepositoryTest, TradersMarket.Tests, Version=1.0.0.0, Culture=neutral, PublicKeyToken=null" name="addRoleWithStringEmptyTest" />
    </UnitTest>
  </TestDefinitions>
  <TestLists>
    <TestList name="Results Not in a List" id="8c84fa94-04c1-424b-9868-57a2d4851a1d" />
    <TestList name="All Loaded Results" id="19431567-8539-422a-85d7-44ee4e166bda" />
  </TestLists>
  <TestEntries>
    <TestEntry testId="0a7e8b4b-1efb-737e-3d6f-1a73bbd9a763" executionId="9a1458fd-6eb8-4eb2-94de-db91c5ef0587" testListId="8c84fa94-04c1-424b-9868-57a2d4851a1d" />
    <TestEntry testId="1118bdfd-9803-d414-3555-52ba04e79ef3" executionId="e9a7e590-1a0a-4fcc-8cc9-dcad26c6cadf" testListId="8c84fa94-04c1-424b-9868-57a2d4851a1d" />
    <TestEntry testId="26b18d07-a1d5-7f35-2c04-32969f797641" executionId="349ef380-807f-46e6-92da-d5333940b906" testListId="8c84fa94-04c1-424b-9868-57a2d4851a1d" />
    <TestEntry testId="40b1a0be-681f-d90b-7743-1eddd4ba52bd" executionId="c9c2fd3e-58a1-4e97-a6fb-b32bc976f595" testListId="8c84fa94-04c1-424b-9868-57a2d4851a1d" />
    <TestEntry testId="4342b92b-20d3-5010-53b5-de0208049b34" executionId="3db32ad3-e17a-4943-b82a-5be4cc044714" testListId="8c84fa94-04c1-424b-9868-57a2d4851a1d" />
    <TestEntry testId="44330266-3b97-0822-dc29-dd14fa7526b0" executionId="238dc26a-0313-4eff-9f6c-e677bb46dfdd" testListId="8c84fa94-04c1-424b-9868-57a2d4851a1d" />
    <TestEntry testId="48852d48-f1dd-4bf5-bd1b-95b02abc8828" executionId="60f7b037-fcd7-474e-b7ff-85e730cddaba" testListId="8c84fa94-04c1-424b-9868-57a2d4851a1d" />
    <TestEntry testId="5bd04a7a-7ab8-3723-7949-7edf4696a8c0" executionId="5ee122b6-0aa2-49f6-977c-6806e25603ac" testListId="8c84fa94-04c1-424b-9868-57a2d4851a1d" />
    <TestEntry testId="67fee18a-41ff-83a8-86f5-ea5be29f48fd" executionId="5524af95-fdb3-4c6e-8e57-f6bed6721faf" testListId="8c84fa94-04c1-424b-9868-57a2d4851a1d" />
    <TestEntry testId="688530a1-af66-1f09-2d95-d76d7a4fc56b" executionId="d8ab74f5-be00-41cd-9f59-70e0b3e898de" testListId="8c84fa94-04c1-424b-9868-57a2d4851a1d" />
    <TestEntry testId="6def9753-45cd-84d9-faa7-30f25e4a81da" executionId="d78adbb2-501e-4a6d-922c-651830640bf4" testListId="8c84fa94-04c1-424b-9868-57a2d4851a1d" />
    <TestEntry testId="849449d5-bc54-816b-8f52-566db1a7bf6f" executionId="accbfdfd-b43e-4c1f-8d57-8636e9b1a474" testListId="8c84fa94-04c1-424b-9868-57a2d4851a1d" />
    <TestEntry testId="c4de1b3b-ab84-fa47-cc55-d249035fa262" executionId="a9155da0-f321-4ce2-8e6c-58f0825072c1" testListId="8c84fa94-04c1-424b-9868-57a2d4851a1d" />
    <TestEntry testId="c5b82e76-780e-23fc-b3d2-d2782a1482a4" executionId="8196fab9-c02e-4e98-a83a-778fc80e326f" testListId="8c84fa94-04c1-424b-9868-57a2d4851a1d" />
    <TestEntry testId="da355fac-8d84-c5b6-fc63-b3dd46547821" executionId="07481e56-a658-4370-b658-fc0071bcf8ef" testListId="8c84fa94-04c1-424b-9868-57a2d4851a1d" />
    <TestEntry testId="f24479a3-8a96-d0e4-3a29-0cb4feb10c7f" executionId="6fa13670-ebee-4c55-9e04-5616f0e363d4" testListId="8c84fa94-04c1-424b-9868-57a2d4851a1d" />
  </TestEntries>
  <Results>
    <UnitTestResult executionId="9a1458fd-6eb8-4eb2-94de-db91c5ef0587" testId="0a7e8b4b-1efb-737e-3d6f-1a73bbd9a763" testName="addRoleWith51CharactersTest" computerName="SCHOOLPC" duration="00:00:00.2987167" startTime="2015-01-09T20:05:04.5816572+01:00" endTime="2015-01-09T20:05:05.2137023+01:00" testType="13cdc9d9-ddb5-4fa4-a97d-d965ccfc6d4b" outcome="Passed" testListId="8c84fa94-04c1-424b-9868-57a2d4851a1d" relativeResultsDirectory="9a1458fd-6eb8-4eb2-94de-db91c5ef0587">
    </UnitTestResult>
    <UnitTestResult executionId="e9a7e590-1a0a-4fcc-8cc9-dcad26c6cadf" testId="1118bdfd-9803-d414-3555-52ba04e79ef3" testName="UpdateRoleWith1CharacterTest" computerName="SCHOOLPC" duration="00:00:00.0532932" startTime="2015-01-09T20:05:05.2137023+01:00" endTime="2015-01-09T20:05:05.2762049+01:00" testType="13cdc9d9-ddb5-4fa4-a97d-d965ccfc6d4b" outcome="Passed" testListId="8c84fa94-04c1-424b-9868-57a2d4851a1d" relativeResultsDirectory="e9a7e590-1a0a-4fcc-8cc9-dcad26c6cadf">
    </UnitTestResult>
    <UnitTestResult executionId="349ef380-807f-46e6-92da-d5333940b906" testId="26b18d07-a1d5-7f35-2c04-32969f797641" testName="addRoleWith49CharacterTest" computerName="SCHOOLPC" duration="00:00:00.0453728" startTime="2015-01-09T20:05:05.2762049+01:00" endTime="2015-01-09T20:05:05.3230820+01:00" testType="13cdc9d9-ddb5-4fa4-a97d-d965ccfc6d4b" outcome="Passed" testListId="8c84fa94-04c1-424b-9868-57a2d4851a1d" relativeResultsDirectory="349ef380-807f-46e6-92da-d5333940b906">
    </UnitTestResult>
    <UnitTestResult executionId="c9c2fd3e-58a1-4e97-a6fb-b32bc976f595" testId="40b1a0be-681f-d90b-7743-1eddd4ba52bd" testName="UpdateRoleNullTest" computerName="SCHOOLPC" duration="00:00:00.0027255" startTime="2015-01-09T20:05:05.3230820+01:00" endTime="2015-01-09T20:05:05.3387075+01:00" testType="13cdc9d9-ddb5-4fa4-a97d-d965ccfc6d4b" outcome="Passed" testListId="8c84fa94-04c1-424b-9868-57a2d4851a1d" relativeResultsDirectory="c9c2fd3e-58a1-4e97-a6fb-b32bc976f595">
    </UnitTestResult>
    <UnitTestResult executionId="3db32ad3-e17a-4943-b82a-5be4cc044714" testId="4342b92b-20d3-5010-53b5-de0208049b34" testName="UpdateRoleWith49CharacterTest" computerName="SCHOOLPC" duration="00:00:00.0095895" startTime="2015-01-09T20:05:05.3387075+01:00" endTime="2015-01-09T20:05:05.3387075+01:00" testType="13cdc9d9-ddb5-4fa4-a97d-d965ccfc6d4b" outcome="Passed" testListId="8c84fa94-04c1-424b-9868-57a2d4851a1d" relativeResultsDirectory="3db32ad3-e17a-4943-b82a-5be4cc044714">
    </UnitTestResult>
    <UnitTestResult executionId="238dc26a-0313-4eff-9f6c-e677bb46dfdd" testId="44330266-3b97-0822-dc29-dd14fa7526b0" testName="addRoleWithSpecialCharactersTest" computerName="SCHOOLPC" duration="00:00:00.0025128" startTime="2015-01-09T20:05:05.3387075+01:00" endTime="2015-01-09T20:05:05.3543318+01:00" testType="13cdc9d9-ddb5-4fa4-a97d-d965ccfc6d4b" outcome="Passed" testListId="8c84fa94-04c1-424b-9868-57a2d4851a1d" relativeResultsDirectory="238dc26a-0313-4eff-9f6c-e677bb46dfdd">
    </UnitTestResult>
    <UnitTestResult executionId="60f7b037-fcd7-474e-b7ff-85e730cddaba" testId="48852d48-f1dd-4bf5-bd1b-95b02abc8828" testName="addRoleWith50CharacterTest" computerName="SCHOOLPC" duration="00:00:00.0048528" startTime="2015-01-09T20:05:05.3543318+01:00" endTime="2015-01-09T20:05:05.3543318+01:00" testType="13cdc9d9-ddb5-4fa4-a97d-d965ccfc6d4b" outcome="Passed" testListId="8c84fa94-04c1-424b-9868-57a2d4851a1d" relativeResultsDirectory="60f7b037-fcd7-474e-b7ff-85e730cddaba">
    </UnitTestResult>
    <UnitTestResult executionId="5ee122b6-0aa2-49f6-977c-6806e25603ac" testId="5bd04a7a-7ab8-3723-7949-7edf4696a8c0" testName="UpdateRoleWithNonSpecialCharacterTest" computerName="SCHOOLPC" duration="00:00:00.0067125" startTime="2015-01-09T20:05:05.3543318+01:00" endTime="2015-01-09T20:05:05.3699582+01:00" testType="13cdc9d9-ddb5-4fa4-a97d-d965ccfc6d4b" outcome="Passed" testListId="8c84fa94-04c1-424b-9868-57a2d4851a1d" relativeResultsDirectory="5ee122b6-0aa2-49f6-977c-6806e25603ac">
    </UnitTestResult>
    <UnitTestResult executionId="5524af95-fdb3-4c6e-8e57-f6bed6721faf" testId="67fee18a-41ff-83a8-86f5-ea5be29f48fd" testName="addRoleWith1CharacterTest" computerName="SCHOOLPC" duration="00:00:00.0024315" startTime="2015-01-09T20:05:05.3699582+01:00" endTime="2015-01-09T20:05:05.3699582+01:00" testType="13cdc9d9-ddb5-4fa4-a97d-d965ccfc6d4b" outcome="Passed" testListId="8c84fa94-04c1-424b-9868-57a2d4851a1d" relativeResultsDirectory="5524af95-fdb3-4c6e-8e57-f6bed6721faf">
    </UnitTestResult>
    <UnitTestResult executionId="d8ab74f5-be00-41cd-9f59-70e0b3e898de" testId="688530a1-af66-1f09-2d95-d76d7a4fc56b" testName="addRoleWithStringEmptyTest" computerName="SCHOOLPC" duration="00:00:00.0024689" startTime="2015-01-09T20:05:05.3855833+01:00" endTime="2015-01-09T20:05:05.3855833+01:00" testType="13cdc9d9-ddb5-4fa4-a97d-d965ccfc6d4b" outcome="Passed" testListId="8c84fa94-04c1-424b-9868-57a2d4851a1d" relativeResultsDirectory="d8ab74f5-be00-41cd-9f59-70e0b3e898de">
    </UnitTestResult>
    <UnitTestResult executionId="d78adbb2-501e-4a6d-922c-651830640bf4" testId="6def9753-45cd-84d9-faa7-30f25e4a81da" testName="addRoleWithNullTest" computerName="SCHOOLPC" duration="00:00:00.0024319" startTime="2015-01-09T20:05:05.3855833+01:00" endTime="2015-01-09T20:05:05.3855833+01:00" testType="13cdc9d9-ddb5-4fa4-a97d-d965ccfc6d4b" outcome="Passed" testListId="8c84fa94-04c1-424b-9868-57a2d4851a1d" relativeResultsDirectory="d78adbb2-501e-4a6d-922c-651830640bf4">
    </UnitTestResult>
    <UnitTestResult executionId="accbfdfd-b43e-4c1f-8d57-8636e9b1a474" testId="849449d5-bc54-816b-8f52-566db1a7bf6f" testName="UpdateRoleWithStringEmptyTest" computerName="SCHOOLPC" duration="00:00:00.0258095" startTime="2015-01-09T20:05:05.3855833+01:00" endTime="2015-01-09T20:05:05.4168373+01:00" testType="13cdc9d9-ddb5-4fa4-a97d-d965ccfc6d4b" outcome="Passed" testListId="8c84fa94-04c1-424b-9868-57a2d4851a1d" relativeResultsDirectory="accbfdfd-b43e-4c1f-8d57-8636e9b1a474">
    </UnitTestResult>
    <UnitTestResult executionId="a9155da0-f321-4ce2-8e6c-58f0825072c1" testId="c4de1b3b-ab84-fa47-cc55-d249035fa262" testName="UpdateRoleWith50CharacterTest" computerName="SCHOOLPC" duration="00:00:00.0083961" startTime="2015-01-09T20:05:05.4168373+01:00" endTime="2015-01-09T20:05:05.4324612+01:00" testType="13cdc9d9-ddb5-4fa4-a97d-d965ccfc6d4b" outcome="Passed" testListId="8c84fa94-04c1-424b-9868-57a2d4851a1d" relativeResultsDirectory="a9155da0-f321-4ce2-8e6c-58f0825072c1">
    </UnitTestResult>
    <UnitTestResult executionId="8196fab9-c02e-4e98-a83a-778fc80e326f" testId="c5b82e76-780e-23fc-b3d2-d2782a1482a4" testName="GetRoleWithExistingIDTest" computerName="SCHOOLPC" duration="00:00:00.0042046" startTime="2015-01-09T20:05:05.4324612+01:00" endTime="2015-01-09T20:05:05.4324612+01:00" testType="13cdc9d9-ddb5-4fa4-a97d-d965ccfc6d4b" outcome="Passed" testListId="8c84fa94-04c1-424b-9868-57a2d4851a1d" relativeResultsDirectory="8196fab9-c02e-4e98-a83a-778fc80e326f">
    </UnitTestResult>
    <UnitTestResult executionId="07481e56-a658-4370-b658-fc0071bcf8ef" testId="da355fac-8d84-c5b6-fc63-b3dd46547821" testName="GetRoleWithNegativeTest" computerName="SCHOOLPC" duration="00:00:00.0026384" startTime="2015-01-09T20:05:05.4324612+01:00" endTime="2015-01-09T20:05:05.4480863+01:00" testType="13cdc9d9-ddb5-4fa4-a97d-d965ccfc6d4b" outcome="Passed" testListId="8c84fa94-04c1-424b-9868-57a2d4851a1d" relativeResultsDirectory="07481e56-a658-4370-b658-fc0071bcf8ef">
    </UnitTestResult>
    <UnitTestResult executionId="6fa13670-ebee-4c55-9e04-5616f0e363d4" testId="f24479a3-8a96-d0e4-3a29-0cb4feb10c7f" testName="GetRoleWithNonExistingTest" computerName="SCHOOLPC" duration="00:00:00.0033983" startTime="2015-01-09T20:05:05.4480863+01:00" endTime="2015-01-09T20:05:05.4480863+01:00" testType="13cdc9d9-ddb5-4fa4-a97d-d965ccfc6d4b" outcome="Passed" testListId="8c84fa94-04c1-424b-9868-57a2d4851a1d" relativeResultsDirectory="6fa13670-ebee-4c55-9e04-5616f0e363d4">
    </UnitTestResult>
  </Results>
</TestRun>