<?xml version="1.0" encoding="UTF-8"?>
<TestRun id="63f49c68-00ee-4095-a197-99244fa16f61" name="Miguel@SCHOOLPC 2015-01-09 20:11:38" runUser="SCHOOLPC\Miguel" xmlns="http://microsoft.com/schemas/VisualStudio/TeamTest/2010">
  <TestSettings name="Default Test Settings" id="2bbf71c3-ee7c-487b-ae5d-510c0df23cfd">
    <Deployment runDeploymentRoot="Miguel_SCHOOLPC 2015-01-09 20_11_38">
      <DeploymentItem filename="C:\Users\Miguel\Desktop\SEAssignment\TradersMarket\DataAccess\bin\Debug\DataAccess.dll" />
      <DeploymentItem filename="C:\Users\Miguel\Desktop\SEAssignment\TradersMarket\Common\bin\Debug\Common.dll" />
      <DeploymentItem filename="C:\Users\Miguel\Desktop\SEAssignment\TradersMarket\TradersMarket\bin\TradersMarket.dll" />
    </Deployment>
    <Execution>
      <TestTypeSpecific />
      <AgentRule name="Execution Agents">
      </AgentRule>
    </Execution>
  </TestSettings>
  <Times creation="2015-01-09T20:11:38.2421187+01:00" queuing="2015-01-09T20:11:39.4354092+01:00" start="2015-01-09T20:11:39.4822862+01:00" finish="2015-01-09T20:11:52.6517989+01:00" />
  <ResultSummary outcome="Completed">
    <Counters total="1" executed="1" passed="1" error="0" failed="0" timeout="0" aborted="0" inconclusive="0" passedButRunAborted="0" notRunnable="0" notExecuted="0" disconnected="0" warning="0" completed="0" inProgress="0" pending="0" />
  </ResultSummary>
  <TestDefinitions>
    <UnitTest name="UpdateRoleWith51CharacterTest" storage="c:\users\miguel\desktop\seassignment\tradersmarket\tradersmarket.tests\bin\debug\tradersmarket.tests.dll" id="2cac1c37-7aee-c21b-9108-8b1d32f7b0c0">
      <Execution id="abe80a74-0be1-4438-91a3-9484fdbb0306" />
      <TestMethod codeBase="C:/Users/Miguel/Desktop/SEAssignment/TradersMarket/TradersMarket.Tests/bin/Debug/TradersMarket.Tests.DLL" adapterTypeName="Microsoft.VisualStudio.TestTools.TestTypes.Unit.UnitTestAdapter, Microsoft.VisualStudio.QualityTools.Tips.UnitTest.Adapter, Version=10.0.0.0, Culture=neutral, PublicKeyToken=b03f5f7f11d50a3a" className="TradersMarket.Tests.RoleRepositoryTest, TradersMarket.Tests, Version=1.0.0.0, Culture=neutral, PublicKeyToken=null" name="UpdateRoleWith51CharacterTest" />
    </UnitTest>
  </TestDefinitions>
  <TestLists>
    <TestList name="Results Not in a List" id="8c84fa94-04c1-424b-9868-57a2d4851a1d" />
    <TestList name="All Loaded Results" id="19431567-8539-422a-85d7-44ee4e166bda" />
  </TestLists>
  <TestEntries>
    <TestEntry testId="2cac1c37-7aee-c21b-9108-8b1d32f7b0c0" executionId="abe80a74-0be1-4438-91a3-9484fdbb0306" testListId="8c84fa94-04c1-424b-9868-57a2d4851a1d" />
  </TestEntries>
  <Results>
    <UnitTestResult executionId="abe80a74-0be1-4438-91a3-9484fdbb0306" testId="2cac1c37-7aee-c21b-9108-8b1d32f7b0c0" testName="UpdateRoleWith51CharacterTest" computerName="SCHOOLPC" duration="00:00:10.7488976" startTime="2015-01-09T20:11:39.5291641+01:00" endTime="2015-01-09T20:11:50.9329659+01:00" testType="13cdc9d9-ddb5-4fa4-a97d-d965ccfc6d4b" outcome="Passed" testListId="8c84fa94-04c1-424b-9868-57a2d4851a1d" relativeResultsDirectory="abe80a74-0be1-4438-91a3-9484fdbb0306">
    </UnitTestResult>
  </Results>
</TestRun>