<?xml version="1.0" encoding="UTF-8"?>
<TestRun id="b64485c7-5822-46e1-939c-2ad2a3438f54" name="Miguel@SCHOOLPC 2015-01-09 20:06:51" runUser="SCHOOLPC\Miguel" xmlns="http://microsoft.com/schemas/VisualStudio/TeamTest/2010">
  <TestSettings name="Default Test Settings" id="521efdae-091c-4fc4-8cce-3292e5ca7021">
    <Deployment runDeploymentRoot="Miguel_SCHOOLPC 2015-01-09 20_06_51">
      <DeploymentItem filename="C:\Users\Miguel\Desktop\SEAssignment\TradersMarket\DataAccess\bin\Debug\DataAccess.dll" />
      <DeploymentItem filename="C:\Users\Miguel\Desktop\SEAssignment\TradersMarket\Common\bin\Debug\Common.dll" />
      <DeploymentItem filename="C:\Users\Miguel\Desktop\SEAssignment\TradersMarket\TradersMarket\bin\TradersMarket.dll" />
    </Deployment>
    <Execution>
      <TestTypeSpecific />
      <AgentRule name="Execution Agents">
      </AgentRule>
    </Execution>
  </TestSettings>
  <Times creation="2015-01-09T20:06:51.1807627+01:00" queuing="2015-01-09T20:06:51.3995240+01:00" start="2015-01-09T20:06:51.4151475+01:00" finish="2015-01-09T20:06:52.1026793+01:00" />
  <ResultSummary outcome="Completed">
    <Counters total="16" executed="16" passed="16" error="0" failed="0" timeout="0" aborted="0" inconclusive="0" passedButRunAborted="0" notRunnable="0" notExecuted="0" disconnected="0" warning="0" completed="0" inProgress="0" pending="0" />
  </ResultSummary>
  <TestDefinitions>
    <UnitTest name="UpdateRoleWithNonSpecialCharacterTest" storage="c:\users\miguel\desktop\seassignment\tradersmarket\tradersmarket.tests\bin\debug\tradersmarket.tests.dll" id="5bd04a7a-7ab8-3723-7949-7edf4696a8c0">
      <Execution id="38b56a97-a929-4d4c-9403-a7afc6e20ab9" />
      <TestMethod codeBase="C:/Users/Miguel/Desktop/SEAssignment/TradersMarket/TradersMarket.Tests/bin/Debug/TradersMarket.Tests.DLL" adapterTypeName="Microsoft.VisualStudio.TestTools.TestTypes.Unit.UnitTestAdapter, Microsoft.VisualStudio.QualityTools.Tips.UnitTest.Adapter, Version=10.0.0.0, Culture=neutral, PublicKeyToken=b03f5f7f11d50a3a" className="TradersMarket.Tests.RoleRepositoryTest, TradersMarket.Tests, Version=1.0.0.0, Culture=neutral, PublicKeyToken=null" name="UpdateRoleWithNonSpecialCharacterTest" />
    </UnitTest>
    <UnitTest name="UpdateRoleWith50CharacterTest" storage="c:\users\miguel\desktop\seassignment\tradersmarket\tradersmarket.tests\bin\debug\tradersmarket.tests.dll" id="c4de1b3b-ab84-fa47-cc55-d249035fa262">
      <Execution id="4d921b52-c584-465a-8445-0764a390ae00" />
      <TestMethod codeBase="C:/Users/Miguel/Desktop/SEAssignment/TradersMarket/TradersMarket.Tests/bin/Debug/TradersMarket.Tests.DLL" adapterTypeName="Microsoft.VisualStudio.TestTools.TestTypes.Unit.UnitTestAdapter, Microsoft.VisualStudio.QualityTools.Tips.UnitTest.Adapter, Version=10.0.0.0, Culture=neutral, PublicKeyToken=b03f5f7f11d50a3a" className="TradersMarket.Tests.RoleRepositoryTest, TradersMarket.Tests, Version=1.0.0.0, Culture=neutral, PublicKeyToken=null" name="UpdateRoleWith50CharacterTest" />
    </UnitTest>
    <UnitTest name="addRoleWithSpecialCharactersTest" storage="c:\users\miguel\desktop\seassignment\tradersmarket\tradersmarket.tests\bin\debug\tradersmarket.tests.dll" id="44330266-3b97-0822-dc29-dd14fa7526b0">
      <Execution id="87d7a2d6-1e11-4d82-93a2-eed90ad2b0ad" />
      <TestMethod codeBase="C:/Users/Miguel/Desktop/SEAssignment/TradersMarket/TradersMarket.Tests/bin/Debug/TradersMarket.Tests.DLL" adapterTypeName="Microsoft.VisualStudio.TestTools.TestTypes.Unit.UnitTestAdapter, Microsoft.VisualStudio.QualityTools.Tips.UnitTest.Adapter, Version=10.0.0.0, Culture=neutral, PublicKeyToken=b03f5f7f11d50a3a" className="TradersMarket.Tests.RoleRepositoryTest, TradersMarket.Tests, Version=1.0.0.0, Culture=neutral, PublicKeyToken=null" name="addRoleWithSpecialCharactersTest" />
    </UnitTest>
    <UnitTest name="addRoleWith1CharacterTest" storage="c:\users\miguel\desktop\seassignment\tradersmarket\tradersmarket.tests\bin\debug\tradersmarket.tests.dll" id="67fee18a-41ff-83a8-86f5-ea5be29f48fd">
      <Execution id="8f90aab9-db03-4b30-a739-863e4ccb7003" />
      <TestMethod codeBase="C:/Users/Miguel/Desktop/SEAssignment/TradersMarket/TradersMarket.Tests/bin/Debug/TradersMarket.Tests.DLL" adapterTypeName="Microsoft.VisualStudio.TestTools.TestTypes.Unit.UnitTestAdapter, Microsoft.VisualStudio.QualityTools.Tips.UnitTest.Adapter, Version=10.0.0.0, Culture=neutral, PublicKeyToken=b03f5f7f11d50a3a" className="TradersMarket.Tests.RoleRepositoryTest, TradersMarket.Tests, Version=1.0.0.0, Culture=neutral, PublicKeyToken=null" name="addRoleWith1CharacterTest" />
    </UnitTest>
    <UnitTest name="UpdateRoleWithStringEmptyTest" storage="c:\users\miguel\desktop\seassignment\tradersmarket\tradersmarket.tests\bin\debug\tradersmarket.tests.dll" id="849449d5-bc54-816b-8f52-566db1a7bf6f">
      <Execution id="66ccd7a4-e235-4676-bfb2-2908cb9799c8" />
      <TestMethod codeBase="C:/Users/Miguel/Desktop/SEAssignment/TradersMarket/TradersMarket.Tests/bin/Debug/TradersMarket.Tests.DLL" adapterTypeName="Microsoft.VisualStudio.TestTools.TestTypes.Unit.UnitTestAdapter, Microsoft.VisualStudio.QualityTools.Tips.UnitTest.Adapter, Version=10.0.0.0, Culture=neutral, PublicKeyToken=b03f5f7f11d50a3a" className="TradersMarket.Tests.RoleRepositoryTest, TradersMarket.Tests, Version=1.0.0.0, Culture=neutral, PublicKeyToken=null" name="UpdateRoleWithStringEmptyTest" />
    </UnitTest>
    <UnitTest name="GetRoleWithExistingIDTest" storage="c:\users\miguel\desktop\seassignment\tradersmarket\tradersmarket.tests\bin\debug\tradersmarket.tests.dll" id="c5b82e76-780e-23fc-b3d2-d2782a1482a4">
      <Execution id="aeffbf51-8a48-4c33-ab56-7f533ecb2045" />
      <TestMethod codeBase="C:/Users/Miguel/Desktop/SEAssignment/TradersMarket/TradersMarket.Tests/bin/Debug/TradersMarket.Tests.DLL" adapterTypeName="Microsoft.VisualStudio.TestTools.TestTypes.Unit.UnitTestAdapter, Microsoft.VisualStudio.QualityTools.Tips.UnitTest.Adapter, Version=10.0.0.0, Culture=neutral, PublicKeyToken=b03f5f7f11d50a3a" className="TradersMarket.Tests.RoleRepositoryTest, TradersMarket.Tests, Version=1.0.0.0, Culture=neutral, PublicKeyToken=null" name="GetRoleWithExistingIDTest" />
    </UnitTest>
    <UnitTest name="addRoleWithNullTest" storage="c:\users\miguel\desktop\seassignment\tradersmarket\tradersmarket.tests\bin\debug\tradersmarket.tests.dll" id="6def9753-45cd-84d9-faa7-30f25e4a81da">
      <Execution id="3ca365fa-0435-445a-baa4-9feb03fed8fc" />
      <TestMethod codeBase="C:/Users/Miguel/Desktop/SEAssignment/TradersMarket/TradersMarket.Tests/bin/Debug/TradersMarket.Tests.DLL" adapterTypeName="Microsoft.VisualStudio.TestTools.TestTypes.Unit.UnitTestAdapter, Microsoft.VisualStudio.QualityTools.Tips.UnitTest.Adapter, Version=10.0.0.0, Culture=neutral, PublicKeyToken=b03f5f7f11d50a3a" className="TradersMarket.Tests.RoleRepositoryTest, TradersMarket.Tests, Version=1.0.0.0, Culture=neutral, PublicKeyToken=null" name="addRoleWithNullTest" />
    </UnitTest>
    <UnitTest name="addRoleWith51CharactersTest" storage="c:\users\miguel\desktop\seassignment\tradersmarket\tradersmarket.tests\bin\debug\tradersmarket.tests.dll" id="0a7e8b4b-1efb-737e-3d6f-1a73bbd9a763">
      <Execution id="9f21330b-f83b-4626-b333-965c0d0c2b9a" />
      <TestMethod codeBase="C:/Users/Miguel/Desktop/SEAssignment/TradersMarket/TradersMarket.Tests/bin/Debug/TradersMarket.Tests.DLL" adapterTypeName="Microsoft.VisualStudio.TestTools.TestTypes.Unit.UnitTestAdapter, Microsoft.VisualStudio.QualityTools.Tips.UnitTest.Adapter, Version=10.0.0.0, Culture=neutral, PublicKeyToken=b03f5f7f11d50a3a" className="TradersMarket.Tests.RoleRepositoryTest, TradersMarket.Tests, Version=1.0.0.0, Culture=neutral, PublicKeyToken=null" name="addRoleWith51CharactersTest" />
    </UnitTest>
    <UnitTest name="UpdateRoleNullTest" storage="c:\users\miguel\desktop\seassignment\tradersmarket\tradersmarket.tests\bin\debug\tradersmarket.tests.dll" id="40b1a0be-681f-d90b-7743-1eddd4ba52bd">
      <Execution id="8a205e6b-2b87-4dbe-9a98-ff24008488ab" />
      <TestMethod codeBase="C:/Users/Miguel/Desktop/SEAssignment/TradersMarket/TradersMarket.Tests/bin/Debug/TradersMarket.Tests.DLL" adapterTypeName="Microsoft.VisualStudio.TestTools.TestTypes.Unit.UnitTestAdapter, Microsoft.VisualStudio.QualityTools.Tips.UnitTest.Adapter, Version=10.0.0.0, Culture=neutral, PublicKeyToken=b03f5f7f11d50a3a" className="TradersMarket.Tests.RoleRepositoryTest, TradersMarket.Tests, Version=1.0.0.0, Culture=neutral, PublicKeyToken=null" name="UpdateRoleNullTest" />
    </UnitTest>
    <UnitTest name="UpdateRoleWith1CharacterTest" storage="c:\users\miguel\desktop\seassignment\tradersmarket\tradersmarket.tests\bin\debug\tradersmarket.tests.dll" id="1118bdfd-9803-d414-3555-52ba04e79ef3">
      <Execution id="f3ffc0d1-c81f-4ded-90a3-d191cd828e0f" />
      <TestMethod codeBase="C:/Users/Miguel/Desktop/SEAssignment/TradersMarket/TradersMarket.Tests/bin/Debug/TradersMarket.Tests.DLL" adapterTypeName="Microsoft.VisualStudio.TestTools.TestTypes.Unit.UnitTestAdapter, Microsoft.VisualStudio.QualityTools.Tips.UnitTest.Adapter, Version=10.0.0.0, Culture=neutral, PublicKeyToken=b03f5f7f11d50a3a" className="TradersMarket.Tests.RoleRepositoryTest, TradersMarket.Tests, Version=1.0.0.0, Culture=neutral, PublicKeyToken=null" name="UpdateRoleWith1CharacterTest" />
    </UnitTest>
    <UnitTest name="UpdateRoleWith49CharacterTest" storage="c:\users\miguel\desktop\seassignment\tradersmarket\tradersmarket.tests\bin\debug\tradersmarket.tests.dll" id="4342b92b-20d3-5010-53b5-de0208049b34">
      <Execution id="e010b3b8-275a-45a6-a7d0-682183b9e102" />
      <TestMethod codeBase="C:/Users/Miguel/Desktop/SEAssignment/TradersMarket/TradersMarket.Tests/bin/Debug/TradersMarket.Tests.DLL" adapterTypeName="Microsoft.VisualStudio.TestTools.TestTypes.Unit.UnitTestAdapter, Microsoft.VisualStudio.QualityTools.Tips.UnitTest.Adapter, Version=10.0.0.0, Culture=neutral, PublicKeyToken=b03f5f7f11d50a3a" className="TradersMarket.Tests.RoleRepositoryTest, TradersMarket.Tests, Version=1.0.0.0, Culture=neutral, PublicKeyToken=null" name="UpdateRoleWith49CharacterTest" />
    </UnitTest>
    <UnitTest name="GetRoleWithNonExistingTest" storage="c:\users\miguel\desktop\seassignment\tradersmarket\tradersmarket.tests\bin\debug\tradersmarket.tests.dll" id="f24479a3-8a96-d0e4-3a29-0cb4feb10c7f">
      <Execution id="6a255c7e-bbb6-4600-8672-4307634a5f1e" />
      <TestMethod codeBase="C:/Users/Miguel/Desktop/SEAssignment/TradersMarket/TradersMarket.Tests/bin/Debug/TradersMarket.Tests.DLL" adapterTypeName="Microsoft.VisualStudio.TestTools.TestTypes.Unit.UnitTestAdapter, Microsoft.VisualStudio.QualityTools.Tips.UnitTest.Adapter, Version=10.0.0.0, Culture=neutral, PublicKeyToken=b03f5f7f11d50a3a" className="TradersMarket.Tests.RoleRepositoryTest, TradersMarket.Tests, Version=1.0.0.0, Culture=neutral, PublicKeyToken=null" name="GetRoleWithNonExistingTest" />
    </UnitTest>
    <UnitTest name="GetRoleWithNegativeTest" storage="c:\users\miguel\desktop\seassignment\tradersmarket\tradersmarket.tests\bin\debug\tradersmarket.tests.dll" id="da355fac-8d84-c5b6-fc63-b3dd46547821">
      <Execution id="5f57de99-bb65-40f6-9d91-361d400b457a" />
      <TestMethod codeBase="C:/Users/Miguel/Desktop/SEAssignment/TradersMarket/TradersMarket.Tests/bin/Debug/TradersMarket.Tests.DLL" adapterTypeName="Microsoft.VisualStudio.TestTools.TestTypes.Unit.UnitTestAdapter, Microsoft.VisualStudio.QualityTools.Tips.UnitTest.Adapter, Version=10.0.0.0, Culture=neutral, PublicKeyToken=b03f5f7f11d50a3a" className="TradersMarket.Tests.RoleRepositoryTest, TradersMarket.Tests, Version=1.0.0.0, Culture=neutral, PublicKeyToken=null" name="GetRoleWithNegativeTest" />
    </UnitTest>
    <UnitTest name="addRoleWith49CharacterTest" storage="c:\users\miguel\desktop\seassignment\tradersmarket\tradersmarket.tests\bin\debug\tradersmarket.tests.dll" id="26b18d07-a1d5-7f35-2c04-32969f797641">
      <Execution id="b35e9ea7-672a-4536-a852-5b0863646dbe" />
      <TestMethod codeBase="C:/Users/Miguel/Desktop/SEAssignment/TradersMarket/TradersMarket.Tests/bin/Debug/TradersMarket.Tests.DLL" adapterTypeName="Microsoft.VisualStudio.TestTools.TestTypes.Unit.UnitTestAdapter, Microsoft.VisualStudio.QualityTools.Tips.UnitTest.Adapter, Version=10.0.0.0, Culture=neutral, PublicKeyToken=b03f5f7f11d50a3a" className="TradersMarket.Tests.RoleRepositoryTest, TradersMarket.Tests, Version=1.0.0.0, Culture=neutral, PublicKeyToken=null" name="addRoleWith49CharacterTest" />
    </UnitTest>
    <UnitTest name="addRoleWith50CharacterTest" storage="c:\users\miguel\desktop\seassignment\tradersmarket\tradersmarket.tests\bin\debug\tradersmarket.tests.dll" id="48852d48-f1dd-4bf5-bd1b-95b02abc8828">
      <Execution id="4c6274a0-69f1-4f6a-a914-bcc726cc4e60" />
      <TestMethod codeBase="C:/Users/Miguel/Desktop/SEAssignment/TradersMarket/TradersMarket.Tests/bin/Debug/TradersMarket.Tests.DLL" adapterTypeName="Microsoft.VisualStudio.TestTools.TestTypes.Unit.UnitTestAdapter, Microsoft.VisualStudio.QualityTools.Tips.UnitTest.Adapter, Version=10.0.0.0, Culture=neutral, PublicKeyToken=b03f5f7f11d50a3a" className="TradersMarket.Tests.RoleRepositoryTest, TradersMarket.Tests, Version=1.0.0.0, Culture=neutral, PublicKeyToken=null" name="addRoleWith50CharacterTest" />
    </UnitTest>
    <UnitTest name="addRoleWithStringEmptyTest" storage="c:\users\miguel\desktop\seassignment\tradersmarket\tradersmarket.tests\bin\debug\tradersmarket.tests.dll" id="688530a1-af66-1f09-2d95-d76d7a4fc56b">
      <Execution id="3793db77-bcbf-47a3-b2d3-b4cff230d402" />
      <TestMethod codeBase="C:/Users/Miguel/Desktop/SEAssignment/TradersMarket/TradersMarket.Tests/bin/Debug/TradersMarket.Tests.DLL" adapterTypeName="Microsoft.VisualStudio.TestTools.TestTypes.Unit.UnitTestAdapter, Microsoft.VisualStudio.QualityTools.Tips.UnitTest.Adapter, Version=10.0.0.0, Culture=neutral, PublicKeyToken=b03f5f7f11d50a3a" className="TradersMarket.Tests.RoleRepositoryTest, TradersMarket.Tests, Version=1.0.0.0, Culture=neutral, PublicKeyToken=null" name="addRoleWithStringEmptyTest" />
    </UnitTest>
  </TestDefinitions>
  <TestLists>
    <TestList name="Results Not in a List" id="8c84fa94-04c1-424b-9868-57a2d4851a1d" />
    <TestList name="All Loaded Results" id="19431567-8539-422a-85d7-44ee4e166bda" />
  </TestLists>
  <TestEntries>
    <TestEntry testId="0a7e8b4b-1efb-737e-3d6f-1a73bbd9a763" executionId="9f21330b-f83b-4626-b333-965c0d0c2b9a" testListId="8c84fa94-04c1-424b-9868-57a2d4851a1d" />
    <TestEntry testId="1118bdfd-9803-d414-3555-52ba04e79ef3" executionId="f3ffc0d1-c81f-4ded-90a3-d191cd828e0f" testListId="8c84fa94-04c1-424b-9868-57a2d4851a1d" />
    <TestEntry testId="26b18d07-a1d5-7f35-2c04-32969f797641" executionId="b35e9ea7-672a-4536-a852-5b0863646dbe" testListId="8c84fa94-04c1-424b-9868-57a2d4851a1d" />
    <TestEntry testId="40b1a0be-681f-d90b-7743-1eddd4ba52bd" executionId="8a205e6b-2b87-4dbe-9a98-ff24008488ab" testListId="8c84fa94-04c1-424b-9868-57a2d4851a1d" />
    <TestEntry testId="4342b92b-20d3-5010-53b5-de0208049b34" executionId="e010b3b8-275a-45a6-a7d0-682183b9e102" testListId="8c84fa94-04c1-424b-9868-57a2d4851a1d" />
    <TestEntry testId="44330266-3b97-0822-dc29-dd14fa7526b0" executionId="87d7a2d6-1e11-4d82-93a2-eed90ad2b0ad" testListId="8c84fa94-04c1-424b-9868-57a2d4851a1d" />
    <TestEntry testId="48852d48-f1dd-4bf5-bd1b-95b02abc8828" executionId="4c6274a0-69f1-4f6a-a914-bcc726cc4e60" testListId="8c84fa94-04c1-424b-9868-57a2d4851a1d" />
    <TestEntry testId="5bd04a7a-7ab8-3723-7949-7edf4696a8c0" executionId="38b56a97-a929-4d4c-9403-a7afc6e20ab9" testListId="8c84fa94-04c1-424b-9868-57a2d4851a1d" />
    <TestEntry testId="67fee18a-41ff-83a8-86f5-ea5be29f48fd" executionId="8f90aab9-db03-4b30-a739-863e4ccb7003" testListId="8c84fa94-04c1-424b-9868-57a2d4851a1d" />
    <TestEntry testId="688530a1-af66-1f09-2d95-d76d7a4fc56b" executionId="3793db77-bcbf-47a3-b2d3-b4cff230d402" testListId="8c84fa94-04c1-424b-9868-57a2d4851a1d" />
    <TestEntry testId="6def9753-45cd-84d9-faa7-30f25e4a81da" executionId="3ca365fa-0435-445a-baa4-9feb03fed8fc" testListId="8c84fa94-04c1-424b-9868-57a2d4851a1d" />
    <TestEntry testId="849449d5-bc54-816b-8f52-566db1a7bf6f" executionId="66ccd7a4-e235-4676-bfb2-2908cb9799c8" testListId="8c84fa94-04c1-424b-9868-57a2d4851a1d" />
    <TestEntry testId="c4de1b3b-ab84-fa47-cc55-d249035fa262" executionId="4d921b52-c584-465a-8445-0764a390ae00" testListId="8c84fa94-04c1-424b-9868-57a2d4851a1d" />
    <TestEntry testId="c5b82e76-780e-23fc-b3d2-d2782a1482a4" executionId="aeffbf51-8a48-4c33-ab56-7f533ecb2045" testListId="8c84fa94-04c1-424b-9868-57a2d4851a1d" />
    <TestEntry testId="da355fac-8d84-c5b6-fc63-b3dd46547821" executionId="5f57de99-bb65-40f6-9d91-361d400b457a" testListId="8c84fa94-04c1-424b-9868-57a2d4851a1d" />
    <TestEntry testId="f24479a3-8a96-d0e4-3a29-0cb4feb10c7f" executionId="6a255c7e-bbb6-4600-8672-4307634a5f1e" testListId="8c84fa94-04c1-424b-9868-57a2d4851a1d" />
  </TestEntries>
  <Results>
    <UnitTestResult executionId="9f21330b-f83b-4626-b333-965c0d0c2b9a" testId="0a7e8b4b-1efb-737e-3d6f-1a73bbd9a763" testName="addRoleWith51CharactersTest" computerName="SCHOOLPC" duration="00:00:00.1354280" startTime="2015-01-09T20:06:51.4151475+01:00" endTime="2015-01-09T20:06:51.7745404+01:00" testType="13cdc9d9-ddb5-4fa4-a97d-d965ccfc6d4b" outcome="Passed" testListId="8c84fa94-04c1-424b-9868-57a2d4851a1d" relativeResultsDirectory="9f21330b-f83b-4626-b333-965c0d0c2b9a">
    </UnitTestResult>
    <UnitTestResult executionId="f3ffc0d1-c81f-4ded-90a3-d191cd828e0f" testId="1118bdfd-9803-d414-3555-52ba04e79ef3" testName="UpdateRoleWith1CharacterTest" computerName="SCHOOLPC" duration="00:00:00.0133446" startTime="2015-01-09T20:06:51.7745404+01:00" endTime="2015-01-09T20:06:51.7901643+01:00" testType="13cdc9d9-ddb5-4fa4-a97d-d965ccfc6d4b" outcome="Passed" testListId="8c84fa94-04c1-424b-9868-57a2d4851a1d" relativeResultsDirectory="f3ffc0d1-c81f-4ded-90a3-d191cd828e0f">
    </UnitTestResult>
    <UnitTestResult executionId="b35e9ea7-672a-4536-a852-5b0863646dbe" testId="26b18d07-a1d5-7f35-2c04-32969f797641" testName="addRoleWith49CharacterTest" computerName="SCHOOLPC" duration="00:00:00.0120596" startTime="2015-01-09T20:06:51.7901643+01:00" endTime="2015-01-09T20:06:51.8057899+01:00" testType="13cdc9d9-ddb5-4fa4-a97d-d965ccfc6d4b" outcome="Passed" testListId="8c84fa94-04c1-424b-9868-57a2d4851a1d" relativeResultsDirectory="b35e9ea7-672a-4536-a852-5b0863646dbe">
    </UnitTestResult>
    <UnitTestResult executionId="8a205e6b-2b87-4dbe-9a98-ff24008488ab" testId="40b1a0be-681f-d90b-7743-1eddd4ba52bd" testName="UpdateRoleNullTest" computerName="SCHOOLPC" duration="00:00:00.0029668" startTime="2015-01-09T20:06:51.8057899+01:00" endTime="2015-01-09T20:06:51.8057899+01:00" testType="13cdc9d9-ddb5-4fa4-a97d-d965ccfc6d4b" outcome="Passed" testListId="8c84fa94-04c1-424b-9868-57a2d4851a1d" relativeResultsDirectory="8a205e6b-2b87-4dbe-9a98-ff24008488ab">
    </UnitTestResult>
    <UnitTestResult executionId="e010b3b8-275a-45a6-a7d0-682183b9e102" testId="4342b92b-20d3-5010-53b5-de0208049b34" testName="UpdateRoleWith49CharacterTest" computerName="SCHOOLPC" duration="00:00:00.0116951" startTime="2015-01-09T20:06:51.8057899+01:00" endTime="2015-01-09T20:06:51.8214162+01:00" testType="13cdc9d9-ddb5-4fa4-a97d-d965ccfc6d4b" outcome="Passed" testListId="8c84fa94-04c1-424b-9868-57a2d4851a1d" relativeResultsDirectory="e010b3b8-275a-45a6-a7d0-682183b9e102">
    </UnitTestResult>
    <UnitTestResult executionId="87d7a2d6-1e11-4d82-93a2-eed90ad2b0ad" testId="44330266-3b97-0822-dc29-dd14fa7526b0" testName="addRoleWithSpecialCharactersTest" computerName="SCHOOLPC" duration="00:00:00.0031803" startTime="2015-01-09T20:06:51.8214162+01:00" endTime="2015-01-09T20:06:51.8370422+01:00" testType="13cdc9d9-ddb5-4fa4-a97d-d965ccfc6d4b" outcome="Passed" testListId="8c84fa94-04c1-424b-9868-57a2d4851a1d" relativeResultsDirectory="87d7a2d6-1e11-4d82-93a2-eed90ad2b0ad">
    </UnitTestResult>
    <UnitTestResult executionId="4c6274a0-69f1-4f6a-a914-bcc726cc4e60" testId="48852d48-f1dd-4bf5-bd1b-95b02abc8828" testName="addRoleWith50CharacterTest" computerName="SCHOOLPC" duration="00:00:00.0072540" startTime="2015-01-09T20:06:51.8370422+01:00" endTime="2015-01-09T20:06:51.8526686+01:00" testType="13cdc9d9-ddb5-4fa4-a97d-d965ccfc6d4b" outcome="Passed" testListId="8c84fa94-04c1-424b-9868-57a2d4851a1d" relativeResultsDirectory="4c6274a0-69f1-4f6a-a914-bcc726cc4e60">
    </UnitTestResult>
    <UnitTestResult executionId="38b56a97-a929-4d4c-9403-a7afc6e20ab9" testId="5bd04a7a-7ab8-3723-7949-7edf4696a8c0" testName="UpdateRoleWithNonSpecialCharacterTest" computerName="SCHOOLPC" duration="00:00:00.0073156" startTime="2015-01-09T20:06:51.8526686+01:00" endTime="2015-01-09T20:06:51.8526686+01:00" testType="13cdc9d9-ddb5-4fa4-a97d-d965ccfc6d4b" outcome="Passed" testListId="8c84fa94-04c1-424b-9868-57a2d4851a1d" relativeResultsDirectory="38b56a97-a929-4d4c-9403-a7afc6e20ab9">
    </UnitTestResult>
    <UnitTestResult executionId="8f90aab9-db03-4b30-a739-863e4ccb7003" testId="67fee18a-41ff-83a8-86f5-ea5be29f48fd" testName="addRoleWith1CharacterTest" computerName="SCHOOLPC" duration="00:00:00.0027681" startTime="2015-01-09T20:06:51.8682933+01:00" endTime="2015-01-09T20:06:51.8682933+01:00" testType="13cdc9d9-ddb5-4fa4-a97d-d965ccfc6d4b" outcome="Passed" testListId="8c84fa94-04c1-424b-9868-57a2d4851a1d" relativeResultsDirectory="8f90aab9-db03-4b30-a739-863e4ccb7003">
    </UnitTestResult>
    <UnitTestResult executionId="3793db77-bcbf-47a3-b2d3-b4cff230d402" testId="688530a1-af66-1f09-2d95-d76d7a4fc56b" testName="addRoleWithStringEmptyTest" computerName="SCHOOLPC" duration="00:00:00.0032304" startTime="2015-01-09T20:06:51.8682933+01:00" endTime="2015-01-09T20:06:51.8682933+01:00" testType="13cdc9d9-ddb5-4fa4-a97d-d965ccfc6d4b" outcome="Passed" testListId="8c84fa94-04c1-424b-9868-57a2d4851a1d" relativeResultsDirectory="3793db77-bcbf-47a3-b2d3-b4cff230d402">
    </UnitTestResult>
    <UnitTestResult executionId="3ca365fa-0435-445a-baa4-9feb03fed8fc" testId="6def9753-45cd-84d9-faa7-30f25e4a81da" testName="addRoleWithNullTest" computerName="SCHOOLPC" duration="00:00:00.0028572" startTime="2015-01-09T20:06:51.8682933+01:00" endTime="2015-01-09T20:06:51.8839201+01:00" testType="13cdc9d9-ddb5-4fa4-a97d-d965ccfc6d4b" outcome="Passed" testListId="8c84fa94-04c1-424b-9868-57a2d4851a1d" relativeResultsDirectory="3ca365fa-0435-445a-baa4-9feb03fed8fc">
    </UnitTestResult>
    <UnitTestResult executionId="66ccd7a4-e235-4676-bfb2-2908cb9799c8" testId="849449d5-bc54-816b-8f52-566db1a7bf6f" testName="UpdateRoleWithStringEmptyTest" computerName="SCHOOLPC" duration="00:00:00.0639029" startTime="2015-01-09T20:06:51.8839201+01:00" endTime="2015-01-09T20:06:51.9464226+01:00" testType="13cdc9d9-ddb5-4fa4-a97d-d965ccfc6d4b" outcome="Passed" testListId="8c84fa94-04c1-424b-9868-57a2d4851a1d" relativeResultsDirectory="66ccd7a4-e235-4676-bfb2-2908cb9799c8">
    </UnitTestResult>
    <UnitTestResult executionId="4d921b52-c584-465a-8445-0764a390ae00" testId="c4de1b3b-ab84-fa47-cc55-d249035fa262" testName="UpdateRoleWith50CharacterTest" computerName="SCHOOLPC" duration="00:00:00.1033153" startTime="2015-01-09T20:06:51.9464226+01:00" endTime="2015-01-09T20:06:52.0558072+01:00" testType="13cdc9d9-ddb5-4fa4-a97d-d965ccfc6d4b" outcome="Passed" testListId="8c84fa94-04c1-424b-9868-57a2d4851a1d" relativeResultsDirectory="4d921b52-c584-465a-8445-0764a390ae00">
    </UnitTestResult>
    <UnitTestResult executionId="aeffbf51-8a48-4c33-ab56-7f533ecb2045" testId="c5b82e76-780e-23fc-b3d2-d2782a1482a4" testName="GetRoleWithExistingIDTest" computerName="SCHOOLPC" duration="00:00:00.0042998" startTime="2015-01-09T20:06:52.0558072+01:00" endTime="2015-01-09T20:06:52.0714299+01:00" testType="13cdc9d9-ddb5-4fa4-a97d-d965ccfc6d4b" outcome="Passed" testListId="8c84fa94-04c1-424b-9868-57a2d4851a1d" relativeResultsDirectory="aeffbf51-8a48-4c33-ab56-7f533ecb2045">
    </UnitTestResult>
    <UnitTestResult executionId="5f57de99-bb65-40f6-9d91-361d400b457a" testId="da355fac-8d84-c5b6-fc63-b3dd46547821" testName="GetRoleWithNegativeTest" computerName="SCHOOLPC" duration="00:00:00.0035629" startTime="2015-01-09T20:06:52.0714299+01:00" endTime="2015-01-09T20:06:52.0714299+01:00" testType="13cdc9d9-ddb5-4fa4-a97d-d965ccfc6d4b" outcome="Passed" testListId="8c84fa94-04c1-424b-9868-57a2d4851a1d" relativeResultsDirectory="5f57de99-bb65-40f6-9d91-361d400b457a">
    </UnitTestResult>
    <UnitTestResult executionId="6a255c7e-bbb6-4600-8672-4307634a5f1e" testId="f24479a3-8a96-d0e4-3a29-0cb4feb10c7f" testName="GetRoleWithNonExistingTest" computerName="SCHOOLPC" duration="00:00:00.0045979" startTime="2015-01-09T20:06:52.0714299+01:00" endTime="2015-01-09T20:06:52.0870538+01:00" testType="13cdc9d9-ddb5-4fa4-a97d-d965ccfc6d4b" outcome="Passed" testListId="8c84fa94-04c1-424b-9868-57a2d4851a1d" relativeResultsDirectory="6a255c7e-bbb6-4600-8672-4307634a5f1e">
    </UnitTestResult>
  </Results>
</TestRun>