<?xml version="1.0" encoding="UTF-8"?>
<TestRun id="8f4c06dc-7abe-415e-b52e-ad6416e78678" name="Miguel@SCHOOLPC 2015-01-04 15:21:36" runUser="SCHOOLPC\Miguel" xmlns="http://microsoft.com/schemas/VisualStudio/TeamTest/2010">
  <TestSettings name="Default Test Settings" id="4d200a6c-b641-4d44-967d-5014b7535ef2">
    <Deployment runDeploymentRoot="Miguel_SCHOOLPC 2015-01-04 15_21_36">
      <DeploymentItem filename="C:\Users\Miguel\Desktop\SEAssignment\TradersMarket\DataAccess\bin\Debug\DataAccess.dll" />
      <DeploymentItem filename="C:\Users\Miguel\Desktop\SEAssignment\TradersMarket\Common\bin\Debug\Common.dll" />
      <DeploymentItem filename="C:\Users\Miguel\Desktop\SEAssignment\TradersMarket\TradersMarket\bin\TradersMarket.dll" />
    </Deployment>
    <Execution>
      <TestTypeSpecific />
      <AgentRule name="Execution Agents">
      </AgentRule>
    </Execution>
  </TestSettings>
  <Times creation="2015-01-04T15:21:36.2055546+01:00" queuing="2015-01-04T15:21:50.5515473+01:00" start="2015-01-04T15:21:50.9089777+01:00" finish="2015-01-04T15:21:57.9674140+01:00" />
  <ResultSummary outcome="Completed">
    <Counters total="1" executed="1" passed="1" error="0" failed="0" timeout="0" aborted="0" inconclusive="0" passedButRunAborted="0" notRunnable="0" notExecuted="0" disconnected="0" warning="0" completed="0" inProgress="0" pending="0" />
  </ResultSummary>
  <TestDefinitions>
    <UnitTest name="CreateProduct" storage="c:\users\miguel\desktop\seassignment\tradersmarket\tradersmarket.tests\bin\debug\tradersmarket.tests.dll" id="7b49ee10-cb04-7cea-9fc9-e2c9ecbb7e61">
      <Execution id="37df83ee-688c-46e9-9d1d-b7a3a95f64c4" />
      <TestMethod codeBase="C:/Users/Miguel/Desktop/SEAssignment/TradersMarket/TradersMarket.Tests/bin/Debug/TradersMarket.Tests.DLL" adapterTypeName="Microsoft.VisualStudio.TestTools.TestTypes.Unit.UnitTestAdapter, Microsoft.VisualStudio.QualityTools.Tips.UnitTest.Adapter, Version=10.0.0.0, Culture=neutral, PublicKeyToken=b03f5f7f11d50a3a" className="TradersMarket.Tests.Repository.ProductRepositoryTest, TradersMarket.Tests, Version=1.0.0.0, Culture=neutral, PublicKeyToken=null" name="CreateProduct" />
    </UnitTest>
  </TestDefinitions>
  <TestLists>
    <TestList name="Results Not in a List" id="8c84fa94-04c1-424b-9868-57a2d4851a1d" />
    <TestList name="All Loaded Results" id="19431567-8539-422a-85d7-44ee4e166bda" />
  </TestLists>
  <TestEntries>
    <TestEntry testId="7b49ee10-cb04-7cea-9fc9-e2c9ecbb7e61" executionId="37df83ee-688c-46e9-9d1d-b7a3a95f64c4" testListId="8c84fa94-04c1-424b-9868-57a2d4851a1d" />
  </TestEntries>
  <Results>
    <UnitTestResult executionId="37df83ee-688c-46e9-9d1d-b7a3a95f64c4" testId="7b49ee10-cb04-7cea-9fc9-e2c9ecbb7e61" testName="CreateProduct" computerName="SCHOOLPC" duration="00:00:05.5165960" startTime="2015-01-04T15:21:51.1714217+01:00" endTime="2015-01-04T15:21:57.7099773+01:00" testType="13cdc9d9-ddb5-4fa4-a97d-d965ccfc6d4b" outcome="Passed" testListId="8c84fa94-04c1-424b-9868-57a2d4851a1d" relativeResultsDirectory="37df83ee-688c-46e9-9d1d-b7a3a95f64c4">
    </UnitTestResult>
  </Results>
</TestRun>