<?xml version="1.0" encoding="UTF-8"?>
<TestRun id="3fe82ec4-c9dd-4e5d-912c-b907efcbfebf" name="Miguel@SCHOOLPC 2015-01-04 15:35:50" runUser="SCHOOLPC\Miguel" xmlns="http://microsoft.com/schemas/VisualStudio/TeamTest/2010">
  <TestSettings name="Default Test Settings" id="08f9633e-4b4e-4b49-898d-7ecc7ece55d8">
    <Deployment runDeploymentRoot="Miguel_SCHOOLPC 2015-01-04 15_35_50">
      <DeploymentItem filename="C:\Users\Miguel\Desktop\SEAssignment\TradersMarket\DataAccess\bin\Debug\DataAccess.dll" />
      <DeploymentItem filename="C:\Users\Miguel\Desktop\SEAssignment\TradersMarket\Common\bin\Debug\Common.dll" />
      <DeploymentItem filename="C:\Users\Miguel\Desktop\SEAssignment\TradersMarket\TradersMarket\bin\TradersMarket.dll" />
    </Deployment>
    <Execution>
      <TestTypeSpecific />
      <AgentRule name="Execution Agents">
      </AgentRule>
    </Execution>
  </TestSettings>
  <Times creation="2015-01-04T15:35:50.8959221+01:00" queuing="2015-01-04T15:35:51.2541604+01:00" start="2015-01-04T15:35:51.2871813+01:00" finish="2015-01-04T15:35:52.3322294+01:00" />
  <ResultSummary outcome="Completed">
    <Counters total="1" executed="1" passed="1" error="0" failed="0" timeout="0" aborted="0" inconclusive="0" passedButRunAborted="0" notRunnable="0" notExecuted="0" disconnected="0" warning="0" completed="0" inProgress="0" pending="0" />
  </ResultSummary>
  <TestDefinitions>
    <UnitTest name="EditProduct" storage="c:\users\miguel\desktop\seassignment\tradersmarket\tradersmarket.tests\bin\debug\tradersmarket.tests.dll" id="986ee07d-509e-6acb-d5e6-90cce0dd15d3">
      <Execution id="caeb2110-39d1-422c-a1bb-4e47b436941e" />
      <TestMethod codeBase="C:/Users/Miguel/Desktop/SEAssignment/TradersMarket/TradersMarket.Tests/bin/Debug/TradersMarket.Tests.DLL" adapterTypeName="Microsoft.VisualStudio.TestTools.TestTypes.Unit.UnitTestAdapter, Microsoft.VisualStudio.QualityTools.Tips.UnitTest.Adapter, Version=10.0.0.0, Culture=neutral, PublicKeyToken=b03f5f7f11d50a3a" className="TradersMarket.Tests.Repository.ProductRepositoryTest, TradersMarket.Tests, Version=1.0.0.0, Culture=neutral, PublicKeyToken=null" name="EditProduct" />
    </UnitTest>
  </TestDefinitions>
  <TestLists>
    <TestList name="Results Not in a List" id="8c84fa94-04c1-424b-9868-57a2d4851a1d" />
    <TestList name="All Loaded Results" id="19431567-8539-422a-85d7-44ee4e166bda" />
  </TestLists>
  <TestEntries>
    <TestEntry testId="986ee07d-509e-6acb-d5e6-90cce0dd15d3" executionId="caeb2110-39d1-422c-a1bb-4e47b436941e" testListId="8c84fa94-04c1-424b-9868-57a2d4851a1d" />
  </TestEntries>
  <Results>
    <UnitTestResult executionId="caeb2110-39d1-422c-a1bb-4e47b436941e" testId="986ee07d-509e-6acb-d5e6-90cce0dd15d3" testName="EditProduct" computerName="SCHOOLPC" duration="00:00:00.6750526" startTime="2015-01-04T15:35:51.2971871+01:00" endTime="2015-01-04T15:35:52.2621829+01:00" testType="13cdc9d9-ddb5-4fa4-a97d-d965ccfc6d4b" outcome="Passed" testListId="8c84fa94-04c1-424b-9868-57a2d4851a1d" relativeResultsDirectory="caeb2110-39d1-422c-a1bb-4e47b436941e">
    </UnitTestResult>
  </Results>
</TestRun>