<?xml version="1.0" encoding="UTF-8"?>
<TestRun id="695d1b83-e5e0-4ad1-8034-c435b957e6f6" name="Miguel@SCHOOLPC 2015-01-09 19:42:57" runUser="SCHOOLPC\Miguel" xmlns="http://microsoft.com/schemas/VisualStudio/TeamTest/2010">
  <TestSettings name="Default Test Settings" id="01c110ef-959d-4fc9-835d-4a3e10c177e2">
    <Deployment runDeploymentRoot="Miguel_SCHOOLPC 2015-01-09 19_42_57">
      <DeploymentItem filename="C:\Users\Miguel\Desktop\SEAssignment\TradersMarket\DataAccess\bin\Debug\DataAccess.dll" />
      <DeploymentItem filename="C:\Users\Miguel\Desktop\SEAssignment\TradersMarket\Common\bin\Debug\Common.dll" />
      <DeploymentItem filename="C:\Users\Miguel\Desktop\SEAssignment\TradersMarket\TradersMarket\bin\TradersMarket.dll" />
    </Deployment>
    <Execution>
      <TestTypeSpecific />
      <AgentRule name="Execution Agents">
      </AgentRule>
    </Execution>
  </TestSettings>
  <Times creation="2015-01-09T19:42:57.0865513+01:00" queuing="2015-01-09T19:42:58.2741092+01:00" start="2015-01-09T19:42:58.3366113+01:00" finish="2015-01-09T19:43:16.2842336+01:00" />
  <ResultSummary outcome="Error">
    <Counters total="1" executed="1" error="0" failed="0" timeout="0" aborted="1" inconclusive="0" passedButRunAborted="0" notRunnable="0" notExecuted="0" disconnected="0" warning="0" passed="0" completed="0" inProgress="0" pending="0" />
    <RunInfos>
      <RunInfo computerName="SCHOOLPC" outcome="Error" timestamp="2015-01-09T19:43:16.2832344+01:00">
        <Text>Test host process exited unexpectedly.</Text>
      </RunInfo>
    </RunInfos>
  </ResultSummary>
  <TestDefinitions>
    <UnitTest name="UpdateRoleWith49CharacterTest" storage="c:\users\miguel\desktop\seassignment\tradersmarket\tradersmarket.tests\bin\debug\tradersmarket.tests.dll" id="4342b92b-20d3-5010-53b5-de0208049b34">
      <Execution id="9ce9f32f-cbdb-4f3b-bf91-5b2d0436e6a9" />
      <TestMethod codeBase="C:/Users/Miguel/Desktop/SEAssignment/TradersMarket/TradersMarket.Tests/bin/Debug/TradersMarket.Tests.DLL" adapterTypeName="Microsoft.VisualStudio.TestTools.TestTypes.Unit.UnitTestAdapter, Microsoft.VisualStudio.QualityTools.Tips.UnitTest.Adapter, Version=10.0.0.0, Culture=neutral, PublicKeyToken=b03f5f7f11d50a3a" className="TradersMarket.Tests.RoleRepositoryTest, TradersMarket.Tests, Version=1.0.0.0, Culture=neutral, PublicKeyToken=null" name="UpdateRoleWith49CharacterTest" />
    </UnitTest>
  </TestDefinitions>
  <TestLists>
    <TestList name="Results Not in a List" id="8c84fa94-04c1-424b-9868-57a2d4851a1d" />
    <TestList name="All Loaded Results" id="19431567-8539-422a-85d7-44ee4e166bda" />
  </TestLists>
  <TestEntries>
    <TestEntry testId="4342b92b-20d3-5010-53b5-de0208049b34" executionId="9ce9f32f-cbdb-4f3b-bf91-5b2d0436e6a9" testListId="8c84fa94-04c1-424b-9868-57a2d4851a1d" />
  </TestEntries>
  <Results>
    <UnitTestResult executionId="9ce9f32f-cbdb-4f3b-bf91-5b2d0436e6a9" testId="4342b92b-20d3-5010-53b5-de0208049b34" testName="UpdateRoleWith49CharacterTest" computerName="SCHOOLPC" duration="00:00:17.9163703" startTime="2015-01-09T19:42:58.3678633+01:00" endTime="2015-01-09T19:43:16.2842336+01:00" testType="13cdc9d9-ddb5-4fa4-a97d-d965ccfc6d4b" outcome="Aborted" testListId="8c84fa94-04c1-424b-9868-57a2d4851a1d" relativeResultsDirectory="9ce9f32f-cbdb-4f3b-bf91-5b2d0436e6a9">
    </UnitTestResult>
  </Results>
</TestRun>