<?xml version="1.0" encoding="UTF-8"?>
<TestRun id="45d037b9-f463-47b4-9f6d-4f37503d63f6" name="Miguel@SCHOOLPC 2015-01-09 19:49:25" runUser="SCHOOLPC\Miguel" xmlns="http://microsoft.com/schemas/VisualStudio/TeamTest/2010">
  <TestSettings name="Default Test Settings" id="144549c0-aa6b-48dc-b3a9-a7a2c3d4ed5c">
    <Deployment runDeploymentRoot="Miguel_SCHOOLPC 2015-01-09 19_49_25">
      <DeploymentItem filename="C:\Users\Miguel\Desktop\SEAssignment\TradersMarket\DataAccess\bin\Debug\DataAccess.dll" />
      <DeploymentItem filename="C:\Users\Miguel\Desktop\SEAssignment\TradersMarket\Common\bin\Debug\Common.dll" />
      <DeploymentItem filename="C:\Users\Miguel\Desktop\SEAssignment\TradersMarket\TradersMarket\bin\TradersMarket.dll" />
    </Deployment>
    <Execution>
      <TestTypeSpecific />
      <AgentRule name="Execution Agents">
      </AgentRule>
    </Execution>
  </TestSettings>
  <Times creation="2015-01-09T19:49:25.3368482+01:00" queuing="2015-01-09T19:49:26.4306503+01:00" start="2015-01-09T19:49:26.5556572+01:00" finish="2015-01-09T19:49:36.5995390+01:00" />
  <ResultSummary outcome="Completed">
    <Counters total="1" executed="1" passed="1" error="0" failed="0" timeout="0" aborted="0" inconclusive="0" passedButRunAborted="0" notRunnable="0" notExecuted="0" disconnected="0" warning="0" completed="0" inProgress="0" pending="0" />
  </ResultSummary>
  <TestDefinitions>
    <UnitTest name="UpdateRoleWith50CharacterTest" storage="c:\users\miguel\desktop\seassignment\tradersmarket\tradersmarket.tests\bin\debug\tradersmarket.tests.dll" id="c4de1b3b-ab84-fa47-cc55-d249035fa262">
      <Execution id="a61b9099-f7fc-4aaf-9617-eb7563ca0e4e" />
      <TestMethod codeBase="C:/Users/Miguel/Desktop/SEAssignment/TradersMarket/TradersMarket.Tests/bin/Debug/TradersMarket.Tests.DLL" adapterTypeName="Microsoft.VisualStudio.TestTools.TestTypes.Unit.UnitTestAdapter, Microsoft.VisualStudio.QualityTools.Tips.UnitTest.Adapter, Version=10.0.0.0, Culture=neutral, PublicKeyToken=b03f5f7f11d50a3a" className="TradersMarket.Tests.RoleRepositoryTest, TradersMarket.Tests, Version=1.0.0.0, Culture=neutral, PublicKeyToken=null" name="UpdateRoleWith50CharacterTest" />
    </UnitTest>
  </TestDefinitions>
  <TestLists>
    <TestList name="Results Not in a List" id="8c84fa94-04c1-424b-9868-57a2d4851a1d" />
    <TestList name="All Loaded Results" id="19431567-8539-422a-85d7-44ee4e166bda" />
  </TestLists>
  <TestEntries>
    <TestEntry testId="c4de1b3b-ab84-fa47-cc55-d249035fa262" executionId="a61b9099-f7fc-4aaf-9617-eb7563ca0e4e" testListId="8c84fa94-04c1-424b-9868-57a2d4851a1d" />
  </TestEntries>
  <Results>
    <UnitTestResult executionId="a61b9099-f7fc-4aaf-9617-eb7563ca0e4e" testId="c4de1b3b-ab84-fa47-cc55-d249035fa262" testName="UpdateRoleWith50CharacterTest" computerName="SCHOOLPC" duration="00:00:07.5416261" startTime="2015-01-09T19:49:26.6337857+01:00" endTime="2015-01-09T19:49:34.8615421+01:00" testType="13cdc9d9-ddb5-4fa4-a97d-d965ccfc6d4b" outcome="Passed" testListId="8c84fa94-04c1-424b-9868-57a2d4851a1d" relativeResultsDirectory="a61b9099-f7fc-4aaf-9617-eb7563ca0e4e">
    </UnitTestResult>
  </Results>
</TestRun>